# JRE version: OpenJDK Runtime Environment (8.0_265-b01) (build 1.8.0_265-b01)
# Java VM: OpenJDK 64-Bit Server VM (25.265-b01 mixed mode windows-amd64 compressed oops)
Heap:
 PSYoungGen      total 161280K, used 9731K [0x00000000e0b00000, 0x00000000f0700000, 0x0000000100000000)
  eden space 150016K, 6% used [0x00000000e0b00000,0x00000000e1480c28,0x00000000e9d80000)
  from space 11264K, 0% used [0x00000000e9d80000,0x00000000e9d80000,0x00000000ea880000)
  to   space 11776K, 1% used [0x00000000efb80000,0x00000000efbb0000,0x00000000f0700000)
 ParOldGen       total 58368K, used 11248K [0x00000000a2000000, 0x00000000a5900000, 0x00000000e0b00000)
  object space 58368K, 19% used [0x00000000a2000000,0x00000000a2afc358,0x00000000a5900000)
 Metaspace       used 34165K, capacity 35714K, committed 35800K, reserved 1085440K
  class space    used 4530K, capacity 4841K, committed 4864K, reserved 1048576K
GC Heap History (26 events):
Event: 22.788 GC heap before
{Heap before GC invocations=1 (full 0):
 PSYoungGen      total 28160K, used 24576K [0x00000000e0b00000, 0x00000000e2a00000, 0x0000000100000000)
  eden space 24576K, 100% used [0x00000000e0b00000,0x00000000e2300000,0x00000000e2300000)
  from space 3584K, 0% used [0x00000000e2680000,0x00000000e2680000,0x00000000e2a00000)
  to   space 3584K, 0% used [0x00000000e2300000,0x00000000e2300000,0x00000000e2680000)
 ParOldGen       total 64512K, used 0K [0x00000000a2000000, 0x00000000a5f00000, 0x00000000e0b00000)
  object space 64512K, 0% used [0x00000000a2000000,0x00000000a2000000,0x00000000a5f00000)
 Metaspace       used 7520K, capacity 7714K, committed 7808K, reserved 1056768K
  class space    used 779K, capacity 849K, committed 896K, reserved 1048576K
Event: 22.792 GC heap after
Heap after GC invocations=1 (full 0):
 PSYoungGen      total 28160K, used 3474K [0x00000000e0b00000, 0x00000000e2a00000, 0x0000000100000000)
  eden space 24576K, 0% used [0x00000000e0b00000,0x00000000e0b00000,0x00000000e2300000)
  from space 3584K, 96% used [0x00000000e2300000,0x00000000e26649b0,0x00000000e2680000)
  to   space 3584K, 0% used [0x00000000e2680000,0x00000000e2680000,0x00000000e2a00000)
 ParOldGen       total 64512K, used 8K [0x00000000a2000000, 0x00000000a5f00000, 0x00000000e0b00000)
  object space 64512K, 0% used [0x00000000a2000000,0x00000000a2002000,0x00000000a5f00000)
 Metaspace       used 7520K, capacity 7714K, committed 7808K, reserved 1056768K
  class space    used 779K, capacity 849K, committed 896K, reserved 1048576K
}
Event: 24.725 GC heap before
{Heap before GC invocations=2 (full 0):
 PSYoungGen      total 28160K, used 28050K [0x00000000e0b00000, 0x00000000e2a00000, 0x0000000100000000)
  eden space 24576K, 100% used [0x00000000e0b00000,0x00000000e2300000,0x00000000e2300000)
  from space 3584K, 96% used [0x00000000e2300000,0x00000000e26649b0,0x00000000e2680000)
  to   space 3584K, 0% used [0x00000000e2680000,0x00000000e2680000,0x00000000e2a00000)
 ParOldGen       total 64512K, used 8K [0x00000000a2000000, 0x00000000a5f00000, 0x00000000e0b00000)
  object space 64512K, 0% used [0x00000000a2000000,0x00000000a2002000,0x00000000a5f00000)
 Metaspace       used 11273K, capacity 11592K, committed 11648K, reserved 1058816K
  class space    used 1238K, capacity 1358K, committed 1408K, reserved 1048576K
Event: 24.734 GC heap after
Heap after GC invocations=2 (full 0):
 PSYoungGen      total 28160K, used 3572K [0x00000000e0b00000, 0x00000000e2a00000, 0x0000000100000000)
  eden space 24576K, 0% used [0x00000000e0b00000,0x00000000e0b00000,0x00000000e2300000)
  from space 3584K, 99% used [0x00000000e2680000,0x00000000e29fd350,0x00000000e2a00000)
  to   space 3584K, 0% used [0x00000000e2300000,0x00000000e2300000,0x00000000e2680000)
 ParOldGen       total 64512K, used 958K [0x00000000a2000000, 0x00000000a5f00000, 0x00000000e0b00000)
  object space 64512K, 1% used [0x00000000a2000000,0x00000000a20ef888,0x00000000a5f00000)
 Metaspace       used 11273K, capacity 11592K, committed 11648K, reserved 1058816K
  class space    used 1238K, capacity 1358K, committed 1408K, reserved 1048576K
}
Event: 26.742 GC heap before
{Heap before GC invocations=3 (full 0):
 PSYoungGen      total 28160K, used 28148K [0x00000000e0b00000, 0x00000000e2a00000, 0x0000000100000000)
  eden space 24576K, 100% used [0x00000000e0b00000,0x00000000e2300000,0x00000000e2300000)
  from space 3584K, 99% used [0x00000000e2680000,0x00000000e29fd350,0x00000000e2a00000)
  to   space 3584K, 0% used [0x00000000e2300000,0x00000000e2300000,0x00000000e2680000)
 ParOldGen       total 64512K, used 958K [0x00000000a2000000, 0x00000000a5f00000, 0x00000000e0b00000)
  object space 64512K, 1% used [0x00000000a2000000,0x00000000a20ef888,0x00000000a5f00000)
 Metaspace       used 14276K, capacity 14900K, committed 14976K, reserved 1062912K
  class space    used 1707K, capacity 1844K, committed 1920K, reserved 1048576K
Event: 26.757 GC heap after
Heap after GC invocations=3 (full 0):
 PSYoungGen      total 28160K, used 3563K [0x00000000e0b00000, 0x00000000e2a00000, 0x0000000100000000)
  eden space 24576K, 0% used [0x00000000e0b00000,0x00000000e0b00000,0x00000000e2300000)
  from space 3584K, 99% used [0x00000000e2300000,0x00000000e267ad08,0x00000000e2680000)
  to   space 3584K, 0% used [0x00000000e2680000,0x00000000e2680000,0x00000000e2a00000)
 ParOldGen       total 64512K, used 2989K [0x00000000a2000000, 0x00000000a5f00000, 0x00000000e0b00000)
  object space 64512K, 4% used [0x00000000a2000000,0x00000000a22eb5f0,0x00000000a5f00000)
 Metaspace       used 14276K, capacity 14900K, committed 14976K, reserved 1062912K
  class space    used 1707K, capacity 1844K, committed 1920K, reserved 1048576K
}
Event: 27.992 GC heap before
{Heap before GC invocations=4 (full 0):
 PSYoungGen      total 28160K, used 28139K [0x00000000e0b00000, 0x00000000e2a00000, 0x0000000100000000)
  eden space 24576K, 100% used [0x00000000e0b00000,0x00000000e2300000,0x00000000e2300000)
  from space 3584K, 99% used [0x00000000e2300000,0x00000000e267ad08,0x00000000e2680000)
  to   space 3584K, 0% used [0x00000000e2680000,0x00000000e2680000,0x00000000e2a00000)
 ParOldGen       total 64512K, used 2989K [0x00000000a2000000, 0x00000000a5f00000, 0x00000000e0b00000)
  object space 64512K, 4% used [0x00000000a2000000,0x00000000a22eb5f0,0x00000000a5f00000)
 Metaspace       used 16800K, capacity 17524K, committed 17664K, reserved 1064960K
  class space    used 2050K, capacity 2198K, committed 2304K, reserved 1048576K
Event: 28.004 GC heap after
Heap after GC invocations=4 (full 0):
 PSYoungGen      total 28160K, used 3556K [0x00000000e0b00000, 0x00000000e2a00000, 0x0000000100000000)
  eden space 24576K, 0% used [0x00000000e0b00000,0x00000000e0b00000,0x00000000e2300000)
  from space 3584K, 99% used [0x00000000e2680000,0x00000000e29f92d8,0x00000000e2a00000)
  to   space 3584K, 0% used [0x00000000e2300000,0x00000000e2300000,0x00000000e2680000)
 ParOldGen       total 64512K, used 5205K [0x00000000a2000000, 0x00000000a5f00000, 0x00000000e0b00000)
  object space 64512K, 8% used [0x00000000a2000000,0x00000000a25155e0,0x00000000a5f00000)
 Metaspace       used 16800K, capacity 17524K, committed 17664K, reserved 1064960K
  class space    used 2050K, capacity 2198K, committed 2304K, reserved 1048576K
}
Event: 28.680 GC heap before
{Heap before GC invocations=5 (full 0):
 PSYoungGen      total 28160K, used 28132K [0x00000000e0b00000, 0x00000000e2a00000, 0x0000000100000000)
  eden space 24576K, 100% used [0x00000000e0b00000,0x00000000e2300000,0x00000000e2300000)
  from space 3584K, 99% used [0x00000000e2680000,0x00000000e29f92d8,0x00000000e2a00000)
  to   space 3584K, 0% used [0x00000000e2300000,0x00000000e2300000,0x00000000e2680000)
 ParOldGen       total 64512K, used 5205K [0x00000000a2000000, 0x00000000a5f00000, 0x00000000e0b00000)
  object space 64512K, 8% used [0x00000000a2000000,0x00000000a25155e0,0x00000000a5f00000)
 Metaspace       used 18556K, capacity 19316K, committed 19456K, reserved 1067008K
  class space    used 2322K, capacity 2512K, committed 2560K, reserved 1048576K
Event: 28.985 GC heap after
Heap after GC invocations=5 (full 0):
 PSYoungGen      total 28160K, used 3562K [0x00000000e0b00000, 0x00000000e4900000, 0x0000000100000000)
  eden space 24576K, 0% used [0x00000000e0b00000,0x00000000e0b00000,0x00000000e2300000)
  from space 3584K, 99% used [0x00000000e2300000,0x00000000e267a8a8,0x00000000e2680000)
  to   space 7168K, 0% used [0x00000000e4200000,0x00000000e4200000,0x00000000e4900000)
 ParOldGen       total 64512K, used 7070K [0x00000000a2000000, 0x00000000a5f00000, 0x00000000e0b00000)
  object space 64512K, 10% used [0x00000000a2000000,0x00000000a26e7870,0x00000000a5f00000)
 Metaspace       used 18556K, capacity 19316K, committed 19456K, reserved 1067008K
  class space    used 2322K, capacity 2512K, committed 2560K, reserved 1048576K
}
Event: 29.536 GC heap before
{Heap before GC invocations=6 (full 0):
 PSYoungGen      total 28160K, used 28138K [0x00000000e0b00000, 0x00000000e4900000, 0x0000000100000000)
  eden space 24576K, 100% used [0x00000000e0b00000,0x00000000e2300000,0x00000000e2300000)
  from space 3584K, 99% used [0x00000000e2300000,0x00000000e267a8a8,0x00000000e2680000)
  to   space 7168K, 0% used [0x00000000e4200000,0x00000000e4200000,0x00000000e4900000)
 ParOldGen       total 64512K, used 7070K [0x00000000a2000000, 0x00000000a5f00000, 0x00000000e0b00000)
  object space 64512K, 10% used [0x00000000a2000000,0x00000000a26e7870,0x00000000a5f00000)
 Metaspace       used 19925K, capacity 20726K, committed 20992K, reserved 1067008K
  class space    used 2562K, capacity 2755K, committed 2816K, reserved 1048576K
Event: 29.564 GC heap after
Heap after GC invocations=6 (full 0):
 PSYoungGen      total 55296K, used 5163K [0x00000000e0b00000, 0x00000000e4800000, 0x0000000100000000)
  eden space 49152K, 0% used [0x00000000e0b00000,0x00000000e0b00000,0x00000000e3b00000)
  from space 6144K, 84% used [0x00000000e4200000,0x00000000e470afb8,0x00000000e4800000)
  to   space 6656K, 0% used [0x00000000e3b00000,0x00000000e3b00000,0x00000000e4180000)
 ParOldGen       total 64512K, used 7078K [0x00000000a2000000, 0x00000000a5f00000, 0x00000000e0b00000)
  object space 64512K, 10% used [0x00000000a2000000,0x00000000a26e9870,0x00000000a5f00000)
 Metaspace       used 19925K, capacity 20726K, committed 20992K, reserved 1067008K
  class space    used 2562K, capacity 2755K, committed 2816K, reserved 1048576K
}
Event: 29.738 GC heap before
{Heap before GC invocations=7 (full 0):
 PSYoungGen      total 55296K, used 11713K [0x00000000e0b00000, 0x00000000e4800000, 0x0000000100000000)
  eden space 49152K, 13% used [0x00000000e0b00000,0x00000000e1165500,0x00000000e3b00000)
  from space 6144K, 84% used [0x00000000e4200000,0x00000000e470afb8,0x00000000e4800000)
  to   space 6656K, 0% used [0x00000000e3b00000,0x00000000e3b00000,0x00000000e4180000)
 ParOldGen       total 64512K, used 7078K [0x00000000a2000000, 0x00000000a5f00000, 0x00000000e0b00000)
  object space 64512K, 10% used [0x00000000a2000000,0x00000000a26e9870,0x00000000a5f00000)
 Metaspace       used 20354K, capacity 21182K, committed 21248K, reserved 1067008K
  class space    used 2607K, capacity 2795K, committed 2816K, reserved 1048576K
Event: 29.772 GC heap after
Heap after GC invocations=7 (full 0):
 PSYoungGen      total 55808K, used 4245K [0x00000000e0b00000, 0x00000000e7800000, 0x0000000100000000)
  eden space 49152K, 0% used [0x00000000e0b00000,0x00000000e0b00000,0x00000000e3b00000)
  from space 6656K, 63% used [0x00000000e3b00000,0x00000000e3f25698,0x00000000e4180000)
  to   space 6656K, 0% used [0x00000000e7180000,0x00000000e7180000,0x00000000e7800000)
 ParOldGen       total 64512K, used 8937K [0x00000000a2000000, 0x00000000a5f00000, 0x00000000e0b00000)
  object space 64512K, 13% used [0x00000000a2000000,0x00000000a28ba738,0x00000000a5f00000)
 Metaspace       used 20354K, capacity 21182K, committed 21248K, reserved 1067008K
  class space    used 2607K, capacity 2795K, committed 2816K, reserved 1048576K
}
Event: 29.772 GC heap before
{Heap before GC invocations=8 (full 1):
 PSYoungGen      total 55808K, used 4245K [0x00000000e0b00000, 0x00000000e7800000, 0x0000000100000000)
  eden space 49152K, 0% used [0x00000000e0b00000,0x00000000e0b00000,0x00000000e3b00000)
  from space 6656K, 63% used [0x00000000e3b00000,0x00000000e3f25698,0x00000000e4180000)
  to   space 6656K, 0% used [0x00000000e7180000,0x00000000e7180000,0x00000000e7800000)
 ParOldGen       total 64512K, used 8937K [0x00000000a2000000, 0x00000000a5f00000, 0x00000000e0b00000)
  object space 64512K, 13% used [0x00000000a2000000,0x00000000a28ba738,0x00000000a5f00000)
 Metaspace       used 20354K, capacity 21182K, committed 21248K, reserved 1067008K
  class space    used 2607K, capacity 2795K, committed 2816K, reserved 1048576K
Event: 29.851 GC heap after
Heap after GC invocations=8 (full 1):
 PSYoungGen      total 55808K, used 0K [0x00000000e0b00000, 0x00000000e7800000, 0x0000000100000000)
  eden space 49152K, 0% used [0x00000000e0b00000,0x00000000e0b00000,0x00000000e3b00000)
  from space 6656K, 0% used [0x00000000e3b00000,0x00000000e3b00000,0x00000000e4180000)
  to   space 6656K, 0% used [0x00000000e7180000,0x00000000e7180000,0x00000000e7800000)
 ParOldGen       total 36352K, used 7086K [0x00000000a2000000, 0x00000000a4380000, 0x00000000e0b00000)
  object space 36352K, 19% used [0x00000000a2000000,0x00000000a26ebb10,0x00000000a4380000)
 Metaspace       used 20354K, capacity 21182K, committed 21248K, reserved 1067008K
  class space    used 2607K, capacity 2795K, committed 2816K, reserved 1048576K
}
Event: 30.810 GC heap before
{Heap before GC invocations=9 (full 1):
 PSYoungGen      total 55808K, used 49144K [0x00000000e0b00000, 0x00000000e7800000, 0x0000000100000000)
  eden space 49152K, 99% used [0x00000000e0b00000,0x00000000e3afe218,0x00000000e3b00000)
  from space 6656K, 0% used [0x00000000e3b00000,0x00000000e3b00000,0x00000000e4180000)
  to   space 6656K, 0% used [0x00000000e7180000,0x00000000e7180000,0x00000000e7800000)
 ParOldGen       total 36352K, used 7086K [0x00000000a2000000, 0x00000000a4380000, 0x00000000e0b00000)
  object space 36352K, 19% used [0x00000000a2000000,0x00000000a26ebb10,0x00000000a4380000)
 Metaspace       used 21942K, capacity 22772K, committed 23040K, reserved 1069056K
  class space    used 2767K, capacity 2966K, committed 3072K, reserved 1048576K
Event: 30.812 GC heap after
Heap after GC invocations=9 (full 1):
 PSYoungGen      total 102912K, used 1870K [0x00000000e0b00000, 0x00000000e7780000, 0x0000000100000000)
  eden space 96768K, 0% used [0x00000000e0b00000,0x00000000e0b00000,0x00000000e6980000)
  from space 6144K, 30% used [0x00000000e7180000,0x00000000e7353b40,0x00000000e7780000)
  to   space 7168K, 0% used [0x00000000e6980000,0x00000000e6980000,0x00000000e7080000)
 ParOldGen       total 36352K, used 7094K [0x00000000a2000000, 0x00000000a4380000, 0x00000000e0b00000)
  object space 36352K, 19% used [0x00000000a2000000,0x00000000a26edb10,0x00000000a4380000)
 Metaspace       used 21942K, capacity 22772K, committed 23040K, reserved 1069056K
  class space    used 2767K, capacity 2966K, committed 3072K, reserved 1048576K
}
Event: 37.120 GC heap before
{Heap before GC invocations=10 (full 1):
 PSYoungGen      total 102912K, used 98638K [0x00000000e0b00000, 0x00000000e7780000, 0x0000000100000000)
  eden space 96768K, 100% used [0x00000000e0b00000,0x00000000e6980000,0x00000000e6980000)
  from space 6144K, 30% used [0x00000000e7180000,0x00000000e7353b40,0x00000000e7780000)
  to   space 7168K, 0% used [0x00000000e6980000,0x00000000e6980000,0x00000000e7080000)
 ParOldGen       total 36352K, used 7094K [0x00000000a2000000, 0x00000000a4380000, 0x00000000e0b00000)
  object space 36352K, 19% used [0x00000000a2000000,0x00000000a26edb10,0x00000000a4380000)
 Metaspace       used 27023K, capacity 28092K, committed 28288K, reserved 1073152K
  class space    used 3402K, capacity 3648K, committed 3712K, reserved 1048576K
Event: 37.201 GC heap after
Heap after GC invocations=10 (full 1):
 PSYoungGen      total 103936K, used 7136K [0x00000000e0b00000, 0x00000000eb100000, 0x0000000100000000)
  eden space 96768K, 0% used [0x00000000e0b00000,0x00000000e0b00000,0x00000000e6980000)
  from space 7168K, 99% used [0x00000000e6980000,0x00000000e70782c8,0x00000000e7080000)
  to   space 8704K, 0% used [0x00000000ea880000,0x00000000ea880000,0x00000000eb100000)
 ParOldGen       total 36352K, used 9434K [0x00000000a2000000, 0x00000000a4380000, 0x00000000e0b00000)
  object space 36352K, 25% used [0x00000000a2000000,0x00000000a2936a98,0x00000000a4380000)
 Metaspace       used 27023K, capacity 28092K, committed 28288K, reserved 1073152K
  class space    used 3402K, capacity 3648K, committed 3712K, reserved 1048576K
}
Event: 64.711 GC heap before
{Heap before GC invocations=11 (full 1):
 PSYoungGen      total 103936K, used 103904K [0x00000000e0b00000, 0x00000000eb100000, 0x0000000100000000)
  eden space 96768K, 100% used [0x00000000e0b00000,0x00000000e6980000,0x00000000e6980000)
  from space 7168K, 99% used [0x00000000e6980000,0x00000000e70782c8,0x00000000e7080000)
  to   space 8704K, 0% used [0x00000000ea880000,0x00000000ea880000,0x00000000eb100000)
 ParOldGen       total 36352K, used 9434K [0x00000000a2000000, 0x00000000a4380000, 0x00000000e0b00000)
  object space 36352K, 25% used [0x00000000a2000000,0x00000000a2936a98,0x00000000a4380000)
 Metaspace       used 33491K, capacity 35106K, committed 35200K, reserved 1079296K
  class space    used 4394K, capacity 4705K, committed 4736K, reserved 1048576K
Event: 64.835 GC heap after
Heap after GC invocations=11 (full 1):
 PSYoungGen      total 158720K, used 8692K [0x00000000e0b00000, 0x00000000eb580000, 0x0000000100000000)
  eden space 150016K, 0% used [0x00000000e0b00000,0x00000000e0b00000,0x00000000e9d80000)
  from space 8704K, 99% used [0x00000000ea880000,0x00000000eb0fd318,0x00000000eb100000)
  to   space 11264K, 0% used [0x00000000e9d80000,0x00000000e9d80000,0x00000000ea880000)
 ParOldGen       total 36352K, used 12981K [0x00000000a2000000, 0x00000000a4380000, 0x00000000e0b00000)
  object space 36352K, 35% used [0x00000000a2000000,0x00000000a2cad730,0x00000000a4380000)
 Metaspace       used 33491K, capacity 35106K, committed 35200K, reserved 1079296K
  class space    used 4394K, capacity 4705K, committed 4736K, reserved 1048576K
}
Event: 67.323 GC heap before
{Heap before GC invocations=12 (full 1):
 PSYoungGen      total 158720K, used 10677K [0x00000000e0b00000, 0x00000000eb580000, 0x0000000100000000)
  eden space 150016K, 1% used [0x00000000e0b00000,0x00000000e0cf01b0,0x00000000e9d80000)
  from space 8704K, 99% used [0x00000000ea880000,0x00000000eb0fd318,0x00000000eb100000)
  to   space 11264K, 0% used [0x00000000e9d80000,0x00000000e9d80000,0x00000000ea880000)
 ParOldGen       total 36352K, used 12981K [0x00000000a2000000, 0x00000000a4380000, 0x00000000e0b00000)
  object space 36352K, 35% used [0x00000000a2000000,0x00000000a2cad730,0x00000000a4380000)
 Metaspace       used 33579K, capacity 35170K, committed 35416K, reserved 1079296K
  class space    used 4402K, capacity 4705K, committed 4736K, reserved 1048576K
Event: 67.355 GC heap after
Heap after GC invocations=12 (full 1):
 PSYoungGen      total 161280K, used 96K [0x00000000e0b00000, 0x00000000f0700000, 0x0000000100000000)
  eden space 150016K, 0% used [0x00000000e0b00000,0x00000000e0b00000,0x00000000e9d80000)
  from space 11264K, 0% used [0x00000000e9d80000,0x00000000e9d98000,0x00000000ea880000)
  to   space 11776K, 0% used [0x00000000efb80000,0x00000000efb80000,0x00000000f0700000)
 ParOldGen       total 36352K, used 19286K [0x00000000a2000000, 0x00000000a4380000, 0x00000000e0b00000)
  object space 36352K, 53% used [0x00000000a2000000,0x00000000a32d5af0,0x00000000a4380000)
 Metaspace       used 33579K, capacity 35170K, committed 35416K, reserved 1079296K
  class space    used 4402K, capacity 4705K, committed 4736K, reserved 1048576K
}
Event: 67.405 GC heap before
{Heap before GC invocations=13 (full 2):
 PSYoungGen      total 161280K, used 96K [0x00000000e0b00000, 0x00000000f0700000, 0x0000000100000000)
  eden space 150016K, 0% used [0x00000000e0b00000,0x00000000e0b00000,0x00000000e9d80000)
  from space 11264K, 0% used [0x00000000e9d80000,0x00000000e9d98000,0x00000000ea880000)
  to   space 11776K, 0% used [0x00000000efb80000,0x00000000efb80000,0x00000000f0700000)
 ParOldGen       total 36352K, used 19286K [0x00000000a2000000, 0x00000000a4380000, 0x00000000e0b00000)
  object space 36352K, 53% used [0x00000000a2000000,0x00000000a32d5af0,0x00000000a4380000)
 Metaspace       used 33579K, capacity 35170K, committed 35416K, reserved 1079296K
  class space    used 4402K, capacity 4705K, committed 4736K, reserved 1048576K
Event: 71.533 GC heap after
Heap after GC invocations=13 (full 2):
 PSYoungGen      total 161280K, used 0K [0x00000000e0b00000, 0x00000000f0700000, 0x0000000100000000)
  eden space 150016K, 0% used [0x00000000e0b00000,0x00000000e0b00000,0x00000000e9d80000)
  from space 11264K, 0% used [0x00000000e9d80000,0x00000000e9d80000,0x00000000ea880000)
  to   space 11776K, 0% used [0x00000000efb80000,0x00000000efb80000,0x00000000f0700000)
 ParOldGen       total 58368K, used 11248K [0x00000000a2000000, 0x00000000a5900000, 0x00000000e0b00000)
  object space 58368K, 19% used [0x00000000a2000000,0x00000000a2afc358,0x00000000a5900000)
 Metaspace       used 33579K, capacity 35170K, committed 35416K, reserved 1079296K
  class space    used 4402K, capacity 4705K, committed 4736K, reserved 1048576K
}

