# JRE version: OpenJDK Runtime Environment (8.0_265-b01) (build 1.8.0_265-b01)
# Java VM: OpenJDK 64-Bit Server VM (25.265-b01 mixed mode windows-amd64 compressed oops)
Heap:
 PSYoungGen      total 356864K, used 229248K [0x00000000e0b00000, 0x0000000100000000, 0x0000000100000000)
  eden space 340992K, 67% used [0x00000000e0b00000,0x00000000eeae0260,0x00000000f5800000)
  from space 15872K, 0% used [0x00000000f5800000,0x00000000f5800000,0x00000000f6780000)
  to   space 19456K, 0% used [0x00000000fed00000,0x00000000fed00000,0x0000000100000000)
 ParOldGen       total 70144K, used 28586K [0x00000000a2000000, 0x00000000a6480000, 0x00000000e0b00000)
  object space 70144K, 40% used [0x00000000a2000000,0x00000000a3bea8c0,0x00000000a6480000)
 Metaspace       used 70662K, capacity 74064K, committed 74328K, reserved 1114112K
  class space    used 9678K, capacity 10268K, committed 10368K, reserved 1048576K
GC Heap History (24 events):
Event: 2.437 GC heap before
{Heap before GC invocations=1 (full 0):
 PSYoungGen      total 28160K, used 24576K [0x00000000e0b00000, 0x00000000e2a00000, 0x0000000100000000)
  eden space 24576K, 100% used [0x00000000e0b00000,0x00000000e2300000,0x00000000e2300000)
  from space 3584K, 0% used [0x00000000e2680000,0x00000000e2680000,0x00000000e2a00000)
  to   space 3584K, 0% used [0x00000000e2300000,0x00000000e2300000,0x00000000e2680000)
 ParOldGen       total 64512K, used 0K [0x00000000a2000000, 0x00000000a5f00000, 0x00000000e0b00000)
  object space 64512K, 0% used [0x00000000a2000000,0x00000000a2000000,0x00000000a5f00000)
 Metaspace       used 7549K, capacity 7698K, committed 7808K, reserved 1056768K
  class space    used 777K, capacity 849K, committed 896K, reserved 1048576K
Event: 2.467 GC heap after
Heap after GC invocations=1 (full 0):
 PSYoungGen      total 28160K, used 3493K [0x00000000e0b00000, 0x00000000e4200000, 0x0000000100000000)
  eden space 24576K, 0% used [0x00000000e0b00000,0x00000000e0b00000,0x00000000e2300000)
  from space 3584K, 97% used [0x00000000e2300000,0x00000000e2669528,0x00000000e2680000)
  to   space 3584K, 0% used [0x00000000e3e80000,0x00000000e3e80000,0x00000000e4200000)
 ParOldGen       total 64512K, used 16K [0x00000000a2000000, 0x00000000a5f00000, 0x00000000e0b00000)
  object space 64512K, 0% used [0x00000000a2000000,0x00000000a2004000,0x00000000a5f00000)
 Metaspace       used 7549K, capacity 7698K, committed 7808K, reserved 1056768K
  class space    used 777K, capacity 849K, committed 896K, reserved 1048576K
}
Event: 3.111 GC heap before
{Heap before GC invocations=2 (full 0):
 PSYoungGen      total 28160K, used 28069K [0x00000000e0b00000, 0x00000000e4200000, 0x0000000100000000)
  eden space 24576K, 100% used [0x00000000e0b00000,0x00000000e2300000,0x00000000e2300000)
  from space 3584K, 97% used [0x00000000e2300000,0x00000000e2669528,0x00000000e2680000)
  to   space 3584K, 0% used [0x00000000e3e80000,0x00000000e3e80000,0x00000000e4200000)
 ParOldGen       total 64512K, used 16K [0x00000000a2000000, 0x00000000a5f00000, 0x00000000e0b00000)
  object space 64512K, 0% used [0x00000000a2000000,0x00000000a2004000,0x00000000a5f00000)
 Metaspace       used 11118K, capacity 11400K, committed 11648K, reserved 1058816K
  class space    used 1207K, capacity 1306K, committed 1408K, reserved 1048576K
Event: 3.150 GC heap after
Heap after GC invocations=2 (full 0):
 PSYoungGen      total 52736K, used 3578K [0x00000000e0b00000, 0x00000000e4200000, 0x0000000100000000)
  eden space 49152K, 0% used [0x00000000e0b00000,0x00000000e0b00000,0x00000000e3b00000)
  from space 3584K, 99% used [0x00000000e3e80000,0x00000000e41fe8b8,0x00000000e4200000)
  to   space 3584K, 0% used [0x00000000e3b00000,0x00000000e3b00000,0x00000000e3e80000)
 ParOldGen       total 64512K, used 996K [0x00000000a2000000, 0x00000000a5f00000, 0x00000000e0b00000)
  object space 64512K, 1% used [0x00000000a2000000,0x00000000a20f9070,0x00000000a5f00000)
 Metaspace       used 11118K, capacity 11400K, committed 11648K, reserved 1058816K
  class space    used 1207K, capacity 1306K, committed 1408K, reserved 1048576K
}
Event: 7.132 GC heap before
{Heap before GC invocations=3 (full 0):
 PSYoungGen      total 52736K, used 52730K [0x00000000e0b00000, 0x00000000e4200000, 0x0000000100000000)
  eden space 49152K, 100% used [0x00000000e0b00000,0x00000000e3b00000,0x00000000e3b00000)
  from space 3584K, 99% used [0x00000000e3e80000,0x00000000e41fe8b8,0x00000000e4200000)
  to   space 3584K, 0% used [0x00000000e3b00000,0x00000000e3b00000,0x00000000e3e80000)
 ParOldGen       total 64512K, used 996K [0x00000000a2000000, 0x00000000a5f00000, 0x00000000e0b00000)
  object space 64512K, 1% used [0x00000000a2000000,0x00000000a20f9070,0x00000000a5f00000)
 Metaspace       used 16824K, capacity 17474K, committed 17664K, reserved 1064960K
  class space    used 2055K, capacity 2185K, committed 2304K, reserved 1048576K
Event: 7.378 GC heap after
Heap after GC invocations=3 (full 0):
 PSYoungGen      total 52736K, used 3562K [0x00000000e0b00000, 0x00000000e7200000, 0x0000000100000000)
  eden space 49152K, 0% used [0x00000000e0b00000,0x00000000e0b00000,0x00000000e3b00000)
  from space 3584K, 99% used [0x00000000e3b00000,0x00000000e3e7a8a8,0x00000000e3e80000)
  to   space 3584K, 0% used [0x00000000e6e80000,0x00000000e6e80000,0x00000000e7200000)
 ParOldGen       total 64512K, used 5413K [0x00000000a2000000, 0x00000000a5f00000, 0x00000000e0b00000)
  object space 64512K, 8% used [0x00000000a2000000,0x00000000a25496d8,0x00000000a5f00000)
 Metaspace       used 16824K, capacity 17474K, committed 17664K, reserved 1064960K
  class space    used 2055K, capacity 2185K, committed 2304K, reserved 1048576K
}
Event: 8.191 GC heap before
{Heap before GC invocations=4 (full 0):
 PSYoungGen      total 52736K, used 52714K [0x00000000e0b00000, 0x00000000e7200000, 0x0000000100000000)
  eden space 49152K, 100% used [0x00000000e0b00000,0x00000000e3b00000,0x00000000e3b00000)
  from space 3584K, 99% used [0x00000000e3b00000,0x00000000e3e7a8a8,0x00000000e3e80000)
  to   space 3584K, 0% used [0x00000000e6e80000,0x00000000e6e80000,0x00000000e7200000)
 ParOldGen       total 64512K, used 5413K [0x00000000a2000000, 0x00000000a5f00000, 0x00000000e0b00000)
  object space 64512K, 8% used [0x00000000a2000000,0x00000000a25496d8,0x00000000a5f00000)
 Metaspace       used 19847K, capacity 20586K, committed 20736K, reserved 1067008K
  class space    used 2562K, capacity 2749K, committed 2816K, reserved 1048576K
Event: 8.331 GC heap after
Heap after GC invocations=4 (full 0):
 PSYoungGen      total 101888K, used 3556K [0x00000000e0b00000, 0x00000000e7200000, 0x0000000100000000)
  eden space 98304K, 0% used [0x00000000e0b00000,0x00000000e0b00000,0x00000000e6b00000)
  from space 3584K, 99% used [0x00000000e6e80000,0x00000000e71f92b8,0x00000000e7200000)
  to   space 3584K, 0% used [0x00000000e6b00000,0x00000000e6b00000,0x00000000e6e80000)
 ParOldGen       total 64512K, used 8668K [0x00000000a2000000, 0x00000000a5f00000, 0x00000000e0b00000)
  object space 64512K, 13% used [0x00000000a2000000,0x00000000a28771e0,0x00000000a5f00000)
 Metaspace       used 19847K, capacity 20586K, committed 20736K, reserved 1067008K
  class space    used 2562K, capacity 2749K, committed 2816K, reserved 1048576K
}
Event: 8.406 GC heap before
{Heap before GC invocations=5 (full 0):
 PSYoungGen      total 101888K, used 10600K [0x00000000e0b00000, 0x00000000e7200000, 0x0000000100000000)
  eden space 98304K, 7% used [0x00000000e0b00000,0x00000000e11e1068,0x00000000e6b00000)
  from space 3584K, 99% used [0x00000000e6e80000,0x00000000e71f92b8,0x00000000e7200000)
  to   space 3584K, 0% used [0x00000000e6b00000,0x00000000e6b00000,0x00000000e6e80000)
 ParOldGen       total 64512K, used 8668K [0x00000000a2000000, 0x00000000a5f00000, 0x00000000e0b00000)
  object space 64512K, 13% used [0x00000000a2000000,0x00000000a28771e0,0x00000000a5f00000)
 Metaspace       used 20485K, capacity 21226K, committed 21248K, reserved 1067008K
  class space    used 2612K, capacity 2813K, committed 2816K, reserved 1048576K
Event: 8.434 GC heap after
Heap after GC invocations=5 (full 0):
 PSYoungGen      total 101888K, used 3576K [0x00000000e0b00000, 0x00000000edc00000, 0x0000000100000000)
  eden space 98304K, 0% used [0x00000000e0b00000,0x00000000e0b00000,0x00000000e6b00000)
  from space 3584K, 99% used [0x00000000e6b00000,0x00000000e6e7e118,0x00000000e6e80000)
  to   space 8704K, 0% used [0x00000000ed380000,0x00000000ed380000,0x00000000edc00000)
 ParOldGen       total 64512K, used 9349K [0x00000000a2000000, 0x00000000a5f00000, 0x00000000e0b00000)
  object space 64512K, 14% used [0x00000000a2000000,0x00000000a29214c0,0x00000000a5f00000)
 Metaspace       used 20485K, capacity 21226K, committed 21248K, reserved 1067008K
  class space    used 2612K, capacity 2813K, committed 2816K, reserved 1048576K
}
Event: 8.434 GC heap before
{Heap before GC invocations=6 (full 1):
 PSYoungGen      total 101888K, used 3576K [0x00000000e0b00000, 0x00000000edc00000, 0x0000000100000000)
  eden space 98304K, 0% used [0x00000000e0b00000,0x00000000e0b00000,0x00000000e6b00000)
  from space 3584K, 99% used [0x00000000e6b00000,0x00000000e6e7e118,0x00000000e6e80000)
  to   space 8704K, 0% used [0x00000000ed380000,0x00000000ed380000,0x00000000edc00000)
 ParOldGen       total 64512K, used 9349K [0x00000000a2000000, 0x00000000a5f00000, 0x00000000e0b00000)
  object space 64512K, 14% used [0x00000000a2000000,0x00000000a29214c0,0x00000000a5f00000)
 Metaspace       used 20485K, capacity 21226K, committed 21248K, reserved 1067008K
  class space    used 2612K, capacity 2813K, committed 2816K, reserved 1048576K
Event: 8.549 GC heap after
Heap after GC invocations=6 (full 1):
 PSYoungGen      total 101888K, used 0K [0x00000000e0b00000, 0x00000000edc00000, 0x0000000100000000)
  eden space 98304K, 0% used [0x00000000e0b00000,0x00000000e0b00000,0x00000000e6b00000)
  from space 3584K, 0% used [0x00000000e6b00000,0x00000000e6b00000,0x00000000e6e80000)
  to   space 8704K, 0% used [0x00000000ed380000,0x00000000ed380000,0x00000000edc00000)
 ParOldGen       total 38400K, used 5829K [0x00000000a2000000, 0x00000000a4580000, 0x00000000e0b00000)
  object space 38400K, 15% used [0x00000000a2000000,0x00000000a25b17e8,0x00000000a4580000)
 Metaspace       used 20485K, capacity 21226K, committed 21248K, reserved 1067008K
  class space    used 2612K, capacity 2813K, committed 2816K, reserved 1048576K
}
Event: 10.739 GC heap before
{Heap before GC invocations=7 (full 1):
 PSYoungGen      total 101888K, used 98304K [0x00000000e0b00000, 0x00000000edc00000, 0x0000000100000000)
  eden space 98304K, 100% used [0x00000000e0b00000,0x00000000e6b00000,0x00000000e6b00000)
  from space 3584K, 0% used [0x00000000e6b00000,0x00000000e6b00000,0x00000000e6e80000)
  to   space 8704K, 0% used [0x00000000ed380000,0x00000000ed380000,0x00000000edc00000)
 ParOldGen       total 38400K, used 5829K [0x00000000a2000000, 0x00000000a4580000, 0x00000000e0b00000)
  object space 38400K, 15% used [0x00000000a2000000,0x00000000a25b17e8,0x00000000a4580000)
 Metaspace       used 25247K, capacity 26196K, committed 26496K, reserved 1073152K
  class space    used 3176K, capacity 3402K, committed 3456K, reserved 1048576K
Event: 10.844 GC heap after
Heap after GC invocations=7 (full 1):
 PSYoungGen      total 192512K, used 6976K [0x00000000e0b00000, 0x00000000eda80000, 0x0000000100000000)
  eden space 185344K, 0% used [0x00000000e0b00000,0x00000000e0b00000,0x00000000ec000000)
  from space 7168K, 97% used [0x00000000ed380000,0x00000000eda50040,0x00000000eda80000)
  to   space 9216K, 0% used [0x00000000ec880000,0x00000000ec880000,0x00000000ed180000)
 ParOldGen       total 38400K, used 5837K [0x00000000a2000000, 0x00000000a4580000, 0x00000000e0b00000)
  object space 38400K, 15% used [0x00000000a2000000,0x00000000a25b37e8,0x00000000a4580000)
 Metaspace       used 25247K, capacity 26196K, committed 26496K, reserved 1073152K
  class space    used 3176K, capacity 3402K, committed 3456K, reserved 1048576K
}
Event: 16.635 GC heap before
{Heap before GC invocations=8 (full 1):
 PSYoungGen      total 192512K, used 158062K [0x00000000e0b00000, 0x00000000eda80000, 0x0000000100000000)
  eden space 185344K, 81% used [0x00000000e0b00000,0x00000000e9e8bb60,0x00000000ec000000)
  from space 7168K, 97% used [0x00000000ed380000,0x00000000eda50040,0x00000000eda80000)
  to   space 9216K, 0% used [0x00000000ec880000,0x00000000ec880000,0x00000000ed180000)
 ParOldGen       total 38400K, used 5837K [0x00000000a2000000, 0x00000000a4580000, 0x00000000e0b00000)
  object space 38400K, 15% used [0x00000000a2000000,0x00000000a25b37e8,0x00000000a4580000)
 Metaspace       used 33596K, capacity 35214K, committed 35416K, reserved 1079296K
  class space    used 4403K, capacity 4705K, committed 4736K, reserved 1048576K
Event: 16.693 GC heap after
Heap after GC invocations=8 (full 1):
 PSYoungGen      total 203264K, used 9190K [0x00000000e0b00000, 0x00000000f7480000, 0x0000000100000000)
  eden space 194048K, 0% used [0x00000000e0b00000,0x00000000e0b00000,0x00000000ec880000)
  from space 9216K, 99% used [0x00000000ec880000,0x00000000ed1798a0,0x00000000ed180000)
  to   space 13312K, 0% used [0x00000000f6780000,0x00000000f6780000,0x00000000f7480000)
 ParOldGen       total 38400K, used 11119K [0x00000000a2000000, 0x00000000a4580000, 0x00000000e0b00000)
  object space 38400K, 28% used [0x00000000a2000000,0x00000000a2adbfa0,0x00000000a4580000)
 Metaspace       used 33596K, capacity 35214K, committed 35416K, reserved 1079296K
  class space    used 4403K, capacity 4705K, committed 4736K, reserved 1048576K
}
Event: 16.693 GC heap before
{Heap before GC invocations=9 (full 2):
 PSYoungGen      total 203264K, used 9190K [0x00000000e0b00000, 0x00000000f7480000, 0x0000000100000000)
  eden space 194048K, 0% used [0x00000000e0b00000,0x00000000e0b00000,0x00000000ec880000)
  from space 9216K, 99% used [0x00000000ec880000,0x00000000ed1798a0,0x00000000ed180000)
  to   space 13312K, 0% used [0x00000000f6780000,0x00000000f6780000,0x00000000f7480000)
 ParOldGen       total 38400K, used 11119K [0x00000000a2000000, 0x00000000a4580000, 0x00000000e0b00000)
  object space 38400K, 28% used [0x00000000a2000000,0x00000000a2adbfa0,0x00000000a4580000)
 Metaspace       used 33596K, capacity 35214K, committed 35416K, reserved 1079296K
  class space    used 4403K, capacity 4705K, committed 4736K, reserved 1048576K
Event: 16.797 GC heap after
Heap after GC invocations=9 (full 2):
 PSYoungGen      total 203264K, used 0K [0x00000000e0b00000, 0x00000000f7480000, 0x0000000100000000)
  eden space 194048K, 0% used [0x00000000e0b00000,0x00000000e0b00000,0x00000000ec880000)
  from space 9216K, 0% used [0x00000000ec880000,0x00000000ec880000,0x00000000ed180000)
  to   space 13312K, 0% used [0x00000000f6780000,0x00000000f6780000,0x00000000f7480000)
 ParOldGen       total 56832K, used 18938K [0x00000000a2000000, 0x00000000a5780000, 0x00000000e0b00000)
  object space 56832K, 33% used [0x00000000a2000000,0x00000000a327eb40,0x00000000a5780000)
 Metaspace       used 33596K, capacity 35214K, committed 35416K, reserved 1079296K
  class space    used 4403K, capacity 4705K, committed 4736K, reserved 1048576K
}
Event: 44.306 GC heap before
{Heap before GC invocations=10 (full 2):
 PSYoungGen      total 203264K, used 194048K [0x00000000e0b00000, 0x00000000f7480000, 0x0000000100000000)
  eden space 194048K, 100% used [0x00000000e0b00000,0x00000000ec880000,0x00000000ec880000)
  from space 9216K, 0% used [0x00000000ec880000,0x00000000ec880000,0x00000000ed180000)
  to   space 13312K, 0% used [0x00000000f6780000,0x00000000f6780000,0x00000000f7480000)
 ParOldGen       total 56832K, used 18938K [0x00000000a2000000, 0x00000000a5780000, 0x00000000e0b00000)
  object space 56832K, 33% used [0x00000000a2000000,0x00000000a327eb40,0x00000000a5780000)
 Metaspace       used 46727K, capacity 49116K, committed 49240K, reserved 1091584K
  class space    used 6027K, capacity 6460K, committed 6528K, reserved 1048576K
Event: 44.327 GC heap after
Heap after GC invocations=10 (full 2):
 PSYoungGen      total 354304K, used 13281K [0x00000000e0b00000, 0x00000000f8280000, 0x0000000100000000)
  eden space 340992K, 0% used [0x00000000e0b00000,0x00000000e0b00000,0x00000000f5800000)
  from space 13312K, 99% used [0x00000000f6780000,0x00000000f7478548,0x00000000f7480000)
  to   space 15872K, 0% used [0x00000000f5800000,0x00000000f5800000,0x00000000f6780000)
 ParOldGen       total 56832K, used 20344K [0x00000000a2000000, 0x00000000a5780000, 0x00000000e0b00000)
  object space 56832K, 35% used [0x00000000a2000000,0x00000000a33de170,0x00000000a5780000)
 Metaspace       used 46727K, capacity 49116K, committed 49240K, reserved 1091584K
  class space    used 6027K, capacity 6460K, committed 6528K, reserved 1048576K
}
Event: 60.569 GC heap before
{Heap before GC invocations=11 (full 2):
 PSYoungGen      total 354304K, used 153162K [0x00000000e0b00000, 0x00000000f8280000, 0x0000000100000000)
  eden space 340992K, 41% used [0x00000000e0b00000,0x00000000e939a578,0x00000000f5800000)
  from space 13312K, 99% used [0x00000000f6780000,0x00000000f7478548,0x00000000f7480000)
  to   space 15872K, 0% used [0x00000000f5800000,0x00000000f5800000,0x00000000f6780000)
 ParOldGen       total 56832K, used 20344K [0x00000000a2000000, 0x00000000a5780000, 0x00000000e0b00000)
  object space 56832K, 35% used [0x00000000a2000000,0x00000000a33de170,0x00000000a5780000)
 Metaspace       used 55917K, capacity 58822K, committed 58968K, reserved 1099776K
  class space    used 7471K, capacity 7963K, committed 8064K, reserved 1048576K
Event: 60.609 GC heap after
Heap after GC invocations=11 (full 2):
 PSYoungGen      total 356864K, used 15863K [0x00000000e0b00000, 0x0000000100000000, 0x0000000100000000)
  eden space 340992K, 0% used [0x00000000e0b00000,0x00000000e0b00000,0x00000000f5800000)
  from space 15872K, 99% used [0x00000000f5800000,0x00000000f677de00,0x00000000f6780000)
  to   space 19456K, 0% used [0x00000000fed00000,0x00000000fed00000,0x0000000100000000)
 ParOldGen       total 56832K, used 22923K [0x00000000a2000000, 0x00000000a5780000, 0x00000000e0b00000)
  object space 56832K, 40% used [0x00000000a2000000,0x00000000a3662c60,0x00000000a5780000)
 Metaspace       used 55917K, capacity 58822K, committed 58968K, reserved 1099776K
  class space    used 7471K, capacity 7963K, committed 8064K, reserved 1048576K
}
Event: 60.609 GC heap before
{Heap before GC invocations=12 (full 3):
 PSYoungGen      total 356864K, used 15863K [0x00000000e0b00000, 0x0000000100000000, 0x0000000100000000)
  eden space 340992K, 0% used [0x00000000e0b00000,0x00000000e0b00000,0x00000000f5800000)
  from space 15872K, 99% used [0x00000000f5800000,0x00000000f677de00,0x00000000f6780000)
  to   space 19456K, 0% used [0x00000000fed00000,0x00000000fed00000,0x0000000100000000)
 ParOldGen       total 56832K, used 22923K [0x00000000a2000000, 0x00000000a5780000, 0x00000000e0b00000)
  object space 56832K, 40% used [0x00000000a2000000,0x00000000a3662c60,0x00000000a5780000)
 Metaspace       used 55917K, capacity 58822K, committed 58968K, reserved 1099776K
  class space    used 7471K, capacity 7963K, committed 8064K, reserved 1048576K
Event: 60.823 GC heap after
Heap after GC invocations=12 (full 3):
 PSYoungGen      total 356864K, used 0K [0x00000000e0b00000, 0x0000000100000000, 0x0000000100000000)
  eden space 340992K, 0% used [0x00000000e0b00000,0x00000000e0b00000,0x00000000f5800000)
  from space 15872K, 0% used [0x00000000f5800000,0x00000000f5800000,0x00000000f6780000)
  to   space 19456K, 0% used [0x00000000fed00000,0x00000000fed00000,0x0000000100000000)
 ParOldGen       total 70144K, used 28586K [0x00000000a2000000, 0x00000000a6480000, 0x00000000e0b00000)
  object space 70144K, 40% used [0x00000000a2000000,0x00000000a3bea8c0,0x00000000a6480000)
 Metaspace       used 55917K, capacity 58822K, committed 58968K, reserved 1099776K
  class space    used 7471K, capacity 7963K, committed 8064K, reserved 1048576K
}

