# JRE version: OpenJDK Runtime Environment (8.0_265-b01) (build 1.8.0_265-b01)
# Java VM: OpenJDK 64-Bit Server VM (25.265-b01 mixed mode windows-amd64 compressed oops)
Heap:
 PSYoungGen      total 265728K, used 227630K [0x00000000e0b00000, 0x00000000f2d80000, 0x0000000100000000)
  eden space 251904K, 90% used [0x00000000e0b00000,0x00000000ee94b940,0x00000000f0100000)
  from space 13824K, 0% used [0x00000000f1280000,0x00000000f1280000,0x00000000f2000000)
  to   space 11776K, 0% used [0x00000000f2200000,0x00000000f2200000,0x00000000f2d80000)
 ParOldGen       total 80896K, used 28770K [0x00000000a2000000, 0x00000000a6f00000, 0x00000000e0b00000)
  object space 80896K, 35% used [0x00000000a2000000,0x00000000a3c18ae8,0x00000000a6f00000)
 Metaspace       used 70701K, capacity 73948K, committed 74328K, reserved 1114112K
  class space    used 9709K, capacity 10252K, committed 10368K, reserved 1048576K
GC Heap History (28 events):
Event: 3.198 GC heap before
{Heap before GC invocations=1 (full 0):
 PSYoungGen      total 28160K, used 24576K [0x00000000e0b00000, 0x00000000e2a00000, 0x0000000100000000)
  eden space 24576K, 100% used [0x00000000e0b00000,0x00000000e2300000,0x00000000e2300000)
  from space 3584K, 0% used [0x00000000e2680000,0x00000000e2680000,0x00000000e2a00000)
  to   space 3584K, 0% used [0x00000000e2300000,0x00000000e2300000,0x00000000e2680000)
 ParOldGen       total 64512K, used 0K [0x00000000a2000000, 0x00000000a5f00000, 0x00000000e0b00000)
  object space 64512K, 0% used [0x00000000a2000000,0x00000000a2000000,0x00000000a5f00000)
 Metaspace       used 7508K, capacity 7650K, committed 7808K, reserved 1056768K
  class space    used 779K, capacity 849K, committed 896K, reserved 1048576K
Event: 3.213 GC heap after
Heap after GC invocations=1 (full 0):
 PSYoungGen      total 28160K, used 3490K [0x00000000e0b00000, 0x00000000e2a00000, 0x0000000100000000)
  eden space 24576K, 0% used [0x00000000e0b00000,0x00000000e0b00000,0x00000000e2300000)
  from space 3584K, 97% used [0x00000000e2300000,0x00000000e2668b70,0x00000000e2680000)
  to   space 3584K, 0% used [0x00000000e2680000,0x00000000e2680000,0x00000000e2a00000)
 ParOldGen       total 64512K, used 8K [0x00000000a2000000, 0x00000000a5f00000, 0x00000000e0b00000)
  object space 64512K, 0% used [0x00000000a2000000,0x00000000a2002000,0x00000000a5f00000)
 Metaspace       used 7508K, capacity 7650K, committed 7808K, reserved 1056768K
  class space    used 779K, capacity 849K, committed 896K, reserved 1048576K
}
Event: 3.777 GC heap before
{Heap before GC invocations=2 (full 0):
 PSYoungGen      total 28160K, used 28066K [0x00000000e0b00000, 0x00000000e2a00000, 0x0000000100000000)
  eden space 24576K, 100% used [0x00000000e0b00000,0x00000000e2300000,0x00000000e2300000)
  from space 3584K, 97% used [0x00000000e2300000,0x00000000e2668b70,0x00000000e2680000)
  to   space 3584K, 0% used [0x00000000e2680000,0x00000000e2680000,0x00000000e2a00000)
 ParOldGen       total 64512K, used 8K [0x00000000a2000000, 0x00000000a5f00000, 0x00000000e0b00000)
  object space 64512K, 0% used [0x00000000a2000000,0x00000000a2002000,0x00000000a5f00000)
 Metaspace       used 11263K, capacity 11592K, committed 11648K, reserved 1058816K
  class space    used 1238K, capacity 1358K, committed 1408K, reserved 1048576K
Event: 3.790 GC heap after
Heap after GC invocations=2 (full 0):
 PSYoungGen      total 28160K, used 3579K [0x00000000e0b00000, 0x00000000e4200000, 0x0000000100000000)
  eden space 24576K, 0% used [0x00000000e0b00000,0x00000000e0b00000,0x00000000e2300000)
  from space 3584K, 99% used [0x00000000e2680000,0x00000000e29fec50,0x00000000e2a00000)
  to   space 3584K, 0% used [0x00000000e2300000,0x00000000e2300000,0x00000000e2680000)
 ParOldGen       total 64512K, used 939K [0x00000000a2000000, 0x00000000a5f00000, 0x00000000e0b00000)
  object space 64512K, 1% used [0x00000000a2000000,0x00000000a20eaf30,0x00000000a5f00000)
 Metaspace       used 11263K, capacity 11592K, committed 11648K, reserved 1058816K
  class space    used 1238K, capacity 1358K, committed 1408K, reserved 1048576K
}
Event: 6.019 GC heap before
{Heap before GC invocations=3 (full 0):
 PSYoungGen      total 28160K, used 28155K [0x00000000e0b00000, 0x00000000e4200000, 0x0000000100000000)
  eden space 24576K, 100% used [0x00000000e0b00000,0x00000000e2300000,0x00000000e2300000)
  from space 3584K, 99% used [0x00000000e2680000,0x00000000e29fec50,0x00000000e2a00000)
  to   space 3584K, 0% used [0x00000000e2300000,0x00000000e2300000,0x00000000e2680000)
 ParOldGen       total 64512K, used 939K [0x00000000a2000000, 0x00000000a5f00000, 0x00000000e0b00000)
  object space 64512K, 1% used [0x00000000a2000000,0x00000000a20eaf30,0x00000000a5f00000)
 Metaspace       used 14412K, capacity 15046K, committed 15232K, reserved 1062912K
  class space    used 1719K, capacity 1873K, committed 1920K, reserved 1048576K
Event: 6.084 GC heap after
Heap after GC invocations=3 (full 0):
 PSYoungGen      total 28160K, used 3562K [0x00000000e0b00000, 0x00000000e4200000, 0x0000000100000000)
  eden space 24576K, 0% used [0x00000000e0b00000,0x00000000e0b00000,0x00000000e2300000)
  from space 3584K, 99% used [0x00000000e2300000,0x00000000e267a8a8,0x00000000e2680000)
  to   space 3584K, 0% used [0x00000000e3e80000,0x00000000e3e80000,0x00000000e4200000)
 ParOldGen       total 64512K, used 3082K [0x00000000a2000000, 0x00000000a5f00000, 0x00000000e0b00000)
  object space 64512K, 4% used [0x00000000a2000000,0x00000000a23029c0,0x00000000a5f00000)
 Metaspace       used 14412K, capacity 15046K, committed 15232K, reserved 1062912K
  class space    used 1719K, capacity 1873K, committed 1920K, reserved 1048576K
}
Event: 6.550 GC heap before
{Heap before GC invocations=4 (full 0):
 PSYoungGen      total 28160K, used 28138K [0x00000000e0b00000, 0x00000000e4200000, 0x0000000100000000)
  eden space 24576K, 100% used [0x00000000e0b00000,0x00000000e2300000,0x00000000e2300000)
  from space 3584K, 99% used [0x00000000e2300000,0x00000000e267a8a8,0x00000000e2680000)
  to   space 3584K, 0% used [0x00000000e3e80000,0x00000000e3e80000,0x00000000e4200000)
 ParOldGen       total 64512K, used 3082K [0x00000000a2000000, 0x00000000a5f00000, 0x00000000e0b00000)
  object space 64512K, 4% used [0x00000000a2000000,0x00000000a2302a18,0x00000000a5f00000)
 Metaspace       used 16749K, capacity 17416K, committed 17664K, reserved 1064960K
  class space    used 2035K, capacity 2182K, committed 2304K, reserved 1048576K
Event: 6.562 GC heap after
Heap after GC invocations=4 (full 0):
 PSYoungGen      total 52736K, used 3578K [0x00000000e0b00000, 0x00000000e4200000, 0x0000000100000000)
  eden space 49152K, 0% used [0x00000000e0b00000,0x00000000e0b00000,0x00000000e3b00000)
  from space 3584K, 99% used [0x00000000e3e80000,0x00000000e41fe8b8,0x00000000e4200000)
  to   space 3584K, 0% used [0x00000000e3b00000,0x00000000e3b00000,0x00000000e3e80000)
 ParOldGen       total 64512K, used 5226K [0x00000000a2000000, 0x00000000a5f00000, 0x00000000e0b00000)
  object space 64512K, 8% used [0x00000000a2000000,0x00000000a251a970,0x00000000a5f00000)
 Metaspace       used 16749K, capacity 17416K, committed 17664K, reserved 1064960K
  class space    used 2035K, capacity 2182K, committed 2304K, reserved 1048576K
}
Event: 7.002 GC heap before
{Heap before GC invocations=5 (full 0):
 PSYoungGen      total 52736K, used 52730K [0x00000000e0b00000, 0x00000000e4200000, 0x0000000100000000)
  eden space 49152K, 100% used [0x00000000e0b00000,0x00000000e3b00000,0x00000000e3b00000)
  from space 3584K, 99% used [0x00000000e3e80000,0x00000000e41fe8b8,0x00000000e4200000)
  to   space 3584K, 0% used [0x00000000e3b00000,0x00000000e3b00000,0x00000000e3e80000)
 ParOldGen       total 64512K, used 5482K [0x00000000a2000000, 0x00000000a5f00000, 0x00000000e0b00000)
  object space 64512K, 8% used [0x00000000a2000000,0x00000000a255a800,0x00000000a5f00000)
 Metaspace       used 19929K, capacity 20690K, committed 20992K, reserved 1067008K
  class space    used 2557K, capacity 2747K, committed 2816K, reserved 1048576K
Event: 7.016 GC heap after
Heap after GC invocations=5 (full 0):
 PSYoungGen      total 52736K, used 3578K [0x00000000e0b00000, 0x00000000e7b00000, 0x0000000100000000)
  eden space 49152K, 0% used [0x00000000e0b00000,0x00000000e0b00000,0x00000000e3b00000)
  from space 3584K, 99% used [0x00000000e3b00000,0x00000000e3e7e8b8,0x00000000e3e80000)
  to   space 8192K, 0% used [0x00000000e7300000,0x00000000e7300000,0x00000000e7b00000)
 ParOldGen       total 64512K, used 8858K [0x00000000a2000000, 0x00000000a5f00000, 0x00000000e0b00000)
  object space 64512K, 13% used [0x00000000a2000000,0x00000000a28a6a60,0x00000000a5f00000)
 Metaspace       used 19929K, capacity 20690K, committed 20992K, reserved 1067008K
  class space    used 2557K, capacity 2747K, committed 2816K, reserved 1048576K
}
Event: 7.068 GC heap before
{Heap before GC invocations=6 (full 0):
 PSYoungGen      total 52736K, used 8553K [0x00000000e0b00000, 0x00000000e7b00000, 0x0000000100000000)
  eden space 49152K, 10% used [0x00000000e0b00000,0x00000000e0fdbd80,0x00000000e3b00000)
  from space 3584K, 99% used [0x00000000e3b00000,0x00000000e3e7e8b8,0x00000000e3e80000)
  to   space 8192K, 0% used [0x00000000e7300000,0x00000000e7300000,0x00000000e7b00000)
 ParOldGen       total 64512K, used 8858K [0x00000000a2000000, 0x00000000a5f00000, 0x00000000e0b00000)
  object space 64512K, 13% used [0x00000000a2000000,0x00000000a28a6a60,0x00000000a5f00000)
 Metaspace       used 20428K, capacity 21222K, committed 21248K, reserved 1067008K
  class space    used 2619K, capacity 2795K, committed 2816K, reserved 1048576K
Event: 7.076 GC heap after
Heap after GC invocations=6 (full 0):
 PSYoungGen      total 106496K, used 3994K [0x00000000e0b00000, 0x00000000e7b00000, 0x0000000100000000)
  eden space 98304K, 0% used [0x00000000e0b00000,0x00000000e0b00000,0x00000000e6b00000)
  from space 8192K, 48% used [0x00000000e7300000,0x00000000e76e68b8,0x00000000e7b00000)
  to   space 8192K, 0% used [0x00000000e6b00000,0x00000000e6b00000,0x00000000e7300000)
 ParOldGen       total 64512K, used 8866K [0x00000000a2000000, 0x00000000a5f00000, 0x00000000e0b00000)
  object space 64512K, 13% used [0x00000000a2000000,0x00000000a28a8a60,0x00000000a5f00000)
 Metaspace       used 20428K, capacity 21222K, committed 21248K, reserved 1067008K
  class space    used 2619K, capacity 2795K, committed 2816K, reserved 1048576K
}
Event: 7.076 GC heap before
{Heap before GC invocations=7 (full 1):
 PSYoungGen      total 106496K, used 3994K [0x00000000e0b00000, 0x00000000e7b00000, 0x0000000100000000)
  eden space 98304K, 0% used [0x00000000e0b00000,0x00000000e0b00000,0x00000000e6b00000)
  from space 8192K, 48% used [0x00000000e7300000,0x00000000e76e68b8,0x00000000e7b00000)
  to   space 8192K, 0% used [0x00000000e6b00000,0x00000000e6b00000,0x00000000e7300000)
 ParOldGen       total 64512K, used 8866K [0x00000000a2000000, 0x00000000a5f00000, 0x00000000e0b00000)
  object space 64512K, 13% used [0x00000000a2000000,0x00000000a28a8a60,0x00000000a5f00000)
 Metaspace       used 20428K, capacity 21222K, committed 21248K, reserved 1067008K
  class space    used 2619K, capacity 2795K, committed 2816K, reserved 1048576K
Event: 7.119 GC heap after
Heap after GC invocations=7 (full 1):
 PSYoungGen      total 106496K, used 0K [0x00000000e0b00000, 0x00000000e7b00000, 0x0000000100000000)
  eden space 98304K, 0% used [0x00000000e0b00000,0x00000000e0b00000,0x00000000e6b00000)
  from space 8192K, 0% used [0x00000000e7300000,0x00000000e7300000,0x00000000e7b00000)
  to   space 8192K, 0% used [0x00000000e6b00000,0x00000000e6b00000,0x00000000e7300000)
 ParOldGen       total 39936K, used 7706K [0x00000000a2000000, 0x00000000a4700000, 0x00000000e0b00000)
  object space 39936K, 19% used [0x00000000a2000000,0x00000000a2786880,0x00000000a4700000)
 Metaspace       used 20428K, capacity 21222K, committed 21248K, reserved 1067008K
  class space    used 2619K, capacity 2795K, committed 2816K, reserved 1048576K
}
Event: 7.836 GC heap before
{Heap before GC invocations=8 (full 1):
 PSYoungGen      total 106496K, used 98304K [0x00000000e0b00000, 0x00000000e7b00000, 0x0000000100000000)
  eden space 98304K, 100% used [0x00000000e0b00000,0x00000000e6b00000,0x00000000e6b00000)
  from space 8192K, 0% used [0x00000000e7300000,0x00000000e7300000,0x00000000e7b00000)
  to   space 8192K, 0% used [0x00000000e6b00000,0x00000000e6b00000,0x00000000e7300000)
 ParOldGen       total 39936K, used 7706K [0x00000000a2000000, 0x00000000a4700000, 0x00000000e0b00000)
  object space 39936K, 19% used [0x00000000a2000000,0x00000000a2786880,0x00000000a4700000)
 Metaspace       used 25133K, capacity 26074K, committed 26240K, reserved 1073152K
  class space    used 3164K, capacity 3399K, committed 3456K, reserved 1048576K
Event: 7.858 GC heap after
Heap after GC invocations=8 (full 1):
 PSYoungGen      total 106496K, used 7216K [0x00000000e0b00000, 0x00000000ed100000, 0x0000000100000000)
  eden space 98304K, 0% used [0x00000000e0b00000,0x00000000e0b00000,0x00000000e6b00000)
  from space 8192K, 88% used [0x00000000e6b00000,0x00000000e720c1c8,0x00000000e7300000)
  to   space 8704K, 0% used [0x00000000ec880000,0x00000000ec880000,0x00000000ed100000)
 ParOldGen       total 39936K, used 7714K [0x00000000a2000000, 0x00000000a4700000, 0x00000000e0b00000)
  object space 39936K, 19% used [0x00000000a2000000,0x00000000a2788880,0x00000000a4700000)
 Metaspace       used 25133K, capacity 26074K, committed 26240K, reserved 1073152K
  class space    used 3164K, capacity 3399K, committed 3456K, reserved 1048576K
}
Event: 9.553 GC heap before
{Heap before GC invocations=9 (full 1):
 PSYoungGen      total 106496K, used 105520K [0x00000000e0b00000, 0x00000000ed100000, 0x0000000100000000)
  eden space 98304K, 100% used [0x00000000e0b00000,0x00000000e6b00000,0x00000000e6b00000)
  from space 8192K, 88% used [0x00000000e6b00000,0x00000000e720c1c8,0x00000000e7300000)
  to   space 8704K, 0% used [0x00000000ec880000,0x00000000ec880000,0x00000000ed100000)
 ParOldGen       total 39936K, used 7714K [0x00000000a2000000, 0x00000000a4700000, 0x00000000e0b00000)
  object space 39936K, 19% used [0x00000000a2000000,0x00000000a2788880,0x00000000a4700000)
 Metaspace       used 29762K, capacity 31000K, committed 31232K, reserved 1077248K
  class space    used 3799K, capacity 4042K, committed 4096K, reserved 1048576K
Event: 9.563 GC heap after
Heap after GC invocations=9 (full 1):
 PSYoungGen      total 190976K, used 8700K [0x00000000e0b00000, 0x00000000ed200000, 0x0000000100000000)
  eden space 182272K, 0% used [0x00000000e0b00000,0x00000000e0b00000,0x00000000ebd00000)
  from space 8704K, 99% used [0x00000000ec880000,0x00000000ed0ff160,0x00000000ed100000)
  to   space 10752K, 0% used [0x00000000ebd00000,0x00000000ebd00000,0x00000000ec780000)
 ParOldGen       total 39936K, used 9490K [0x00000000a2000000, 0x00000000a4700000, 0x00000000e0b00000)
  object space 39936K, 23% used [0x00000000a2000000,0x00000000a2944ba8,0x00000000a4700000)
 Metaspace       used 29762K, capacity 31000K, committed 31232K, reserved 1077248K
  class space    used 3799K, capacity 4042K, committed 4096K, reserved 1048576K
}
Event: 10.457 GC heap before
{Heap before GC invocations=10 (full 1):
 PSYoungGen      total 190976K, used 66529K [0x00000000e0b00000, 0x00000000ed200000, 0x0000000100000000)
  eden space 182272K, 31% used [0x00000000e0b00000,0x00000000e43793c8,0x00000000ebd00000)
  from space 8704K, 99% used [0x00000000ec880000,0x00000000ed0ff160,0x00000000ed100000)
  to   space 10752K, 0% used [0x00000000ebd00000,0x00000000ebd00000,0x00000000ec780000)
 ParOldGen       total 39936K, used 9490K [0x00000000a2000000, 0x00000000a4700000, 0x00000000e0b00000)
  object space 39936K, 23% used [0x00000000a2000000,0x00000000a2944ba8,0x00000000a4700000)
 Metaspace       used 33850K, capacity 35222K, committed 35416K, reserved 1079296K
  class space    used 4463K, capacity 4727K, committed 4736K, reserved 1048576K
Event: 10.471 GC heap after
Heap after GC invocations=10 (full 1):
 PSYoungGen      total 193024K, used 9925K [0x00000000e0b00000, 0x00000000f2d80000, 0x0000000100000000)
  eden space 182272K, 0% used [0x00000000e0b00000,0x00000000e0b00000,0x00000000ebd00000)
  from space 10752K, 92% used [0x00000000ebd00000,0x00000000ec6b14a8,0x00000000ec780000)
  to   space 11776K, 0% used [0x00000000f2200000,0x00000000f2200000,0x00000000f2d80000)
 ParOldGen       total 39936K, used 9498K [0x00000000a2000000, 0x00000000a4700000, 0x00000000e0b00000)
  object space 39936K, 23% used [0x00000000a2000000,0x00000000a2946ba8,0x00000000a4700000)
 Metaspace       used 33850K, capacity 35222K, committed 35416K, reserved 1079296K
  class space    used 4463K, capacity 4727K, committed 4736K, reserved 1048576K
}
Event: 10.471 GC heap before
{Heap before GC invocations=11 (full 2):
 PSYoungGen      total 193024K, used 9925K [0x00000000e0b00000, 0x00000000f2d80000, 0x0000000100000000)
  eden space 182272K, 0% used [0x00000000e0b00000,0x00000000e0b00000,0x00000000ebd00000)
  from space 10752K, 92% used [0x00000000ebd00000,0x00000000ec6b14a8,0x00000000ec780000)
  to   space 11776K, 0% used [0x00000000f2200000,0x00000000f2200000,0x00000000f2d80000)
 ParOldGen       total 39936K, used 9498K [0x00000000a2000000, 0x00000000a4700000, 0x00000000e0b00000)
  object space 39936K, 23% used [0x00000000a2000000,0x00000000a2946ba8,0x00000000a4700000)
 Metaspace       used 33850K, capacity 35222K, committed 35416K, reserved 1079296K
  class space    used 4463K, capacity 4727K, committed 4736K, reserved 1048576K
Event: 10.544 GC heap after
Heap after GC invocations=11 (full 2):
 PSYoungGen      total 193024K, used 0K [0x00000000e0b00000, 0x00000000f2d80000, 0x0000000100000000)
  eden space 182272K, 0% used [0x00000000e0b00000,0x00000000e0b00000,0x00000000ebd00000)
  from space 10752K, 0% used [0x00000000ebd00000,0x00000000ebd00000,0x00000000ec780000)
  to   space 11776K, 0% used [0x00000000f2200000,0x00000000f2200000,0x00000000f2d80000)
 ParOldGen       total 54784K, used 14127K [0x00000000a2000000, 0x00000000a5580000, 0x00000000e0b00000)
  object space 54784K, 25% used [0x00000000a2000000,0x00000000a2dcbda0,0x00000000a5580000)
 Metaspace       used 33850K, capacity 35222K, committed 35416K, reserved 1079296K
  class space    used 4463K, capacity 4727K, committed 4736K, reserved 1048576K
}
Event: 17.568 GC heap before
{Heap before GC invocations=12 (full 2):
 PSYoungGen      total 193024K, used 182272K [0x00000000e0b00000, 0x00000000f2d80000, 0x0000000100000000)
  eden space 182272K, 100% used [0x00000000e0b00000,0x00000000ebd00000,0x00000000ebd00000)
  from space 10752K, 0% used [0x00000000ebd00000,0x00000000ebd00000,0x00000000ec780000)
  to   space 11776K, 0% used [0x00000000f2200000,0x00000000f2200000,0x00000000f2d80000)
 ParOldGen       total 54784K, used 14127K [0x00000000a2000000, 0x00000000a5580000, 0x00000000e0b00000)
  object space 54784K, 25% used [0x00000000a2000000,0x00000000a2dcbda0,0x00000000a5580000)
 Metaspace       used 46439K, capacity 48694K, committed 48856K, reserved 1091584K
  class space    used 5971K, capacity 6397K, committed 6400K, reserved 1048576K
Event: 17.584 GC heap after
Heap after GC invocations=12 (full 2):
 PSYoungGen      total 263680K, used 11746K [0x00000000e0b00000, 0x00000000f2d80000, 0x0000000100000000)
  eden space 251904K, 0% used [0x00000000e0b00000,0x00000000e0b00000,0x00000000f0100000)
  from space 11776K, 99% used [0x00000000f2200000,0x00000000f2d78a58,0x00000000f2d80000)
  to   space 13824K, 0% used [0x00000000f1280000,0x00000000f1280000,0x00000000f2000000)
 ParOldGen       total 54784K, used 16241K [0x00000000a2000000, 0x00000000a5580000, 0x00000000e0b00000)
  object space 54784K, 29% used [0x00000000a2000000,0x00000000a2fdc5e0,0x00000000a5580000)
 Metaspace       used 46439K, capacity 48694K, committed 48856K, reserved 1091584K
  class space    used 5971K, capacity 6397K, committed 6400K, reserved 1048576K
}
Event: 31.983 GC heap before
{Heap before GC invocations=13 (full 2):
 PSYoungGen      total 263680K, used 150223K [0x00000000e0b00000, 0x00000000f2d80000, 0x0000000100000000)
  eden space 251904K, 54% used [0x00000000e0b00000,0x00000000e923b528,0x00000000f0100000)
  from space 11776K, 99% used [0x00000000f2200000,0x00000000f2d78a58,0x00000000f2d80000)
  to   space 13824K, 0% used [0x00000000f1280000,0x00000000f1280000,0x00000000f2000000)
 ParOldGen       total 54784K, used 16241K [0x00000000a2000000, 0x00000000a5580000, 0x00000000e0b00000)
  object space 54784K, 29% used [0x00000000a2000000,0x00000000a2fdc5e0,0x00000000a5580000)
 Metaspace       used 56066K, capacity 58838K, committed 58968K, reserved 1099776K
  class space    used 7525K, capacity 8011K, committed 8064K, reserved 1048576K
Event: 32.029 GC heap after
Heap after GC invocations=13 (full 2):
 PSYoungGen      total 265728K, used 12359K [0x00000000e0b00000, 0x00000000f2d80000, 0x0000000100000000)
  eden space 251904K, 0% used [0x00000000e0b00000,0x00000000e0b00000,0x00000000f0100000)
  from space 13824K, 89% used [0x00000000f1280000,0x00000000f1e91cb8,0x00000000f2000000)
  to   space 11776K, 0% used [0x00000000f2200000,0x00000000f2200000,0x00000000f2d80000)
 ParOldGen       total 54784K, used 22599K [0x00000000a2000000, 0x00000000a5580000, 0x00000000e0b00000)
  object space 54784K, 41% used [0x00000000a2000000,0x00000000a3611f98,0x00000000a5580000)
 Metaspace       used 56066K, capacity 58838K, committed 58968K, reserved 1099776K
  class space    used 7525K, capacity 8011K, committed 8064K, reserved 1048576K
}
Event: 32.029 GC heap before
{Heap before GC invocations=14 (full 3):
 PSYoungGen      total 265728K, used 12359K [0x00000000e0b00000, 0x00000000f2d80000, 0x0000000100000000)
  eden space 251904K, 0% used [0x00000000e0b00000,0x00000000e0b00000,0x00000000f0100000)
  from space 13824K, 89% used [0x00000000f1280000,0x00000000f1e91cb8,0x00000000f2000000)
  to   space 11776K, 0% used [0x00000000f2200000,0x00000000f2200000,0x00000000f2d80000)
 ParOldGen       total 54784K, used 22599K [0x00000000a2000000, 0x00000000a5580000, 0x00000000e0b00000)
  object space 54784K, 41% used [0x00000000a2000000,0x00000000a3611f98,0x00000000a5580000)
 Metaspace       used 56066K, capacity 58838K, committed 58968K, reserved 1099776K
  class space    used 7525K, capacity 8011K, committed 8064K, reserved 1048576K
Event: 32.313 GC heap after
Heap after GC invocations=14 (full 3):
 PSYoungGen      total 265728K, used 0K [0x00000000e0b00000, 0x00000000f2d80000, 0x0000000100000000)
  eden space 251904K, 0% used [0x00000000e0b00000,0x00000000e0b00000,0x00000000f0100000)
  from space 13824K, 0% used [0x00000000f1280000,0x00000000f1280000,0x00000000f2000000)
  to   space 11776K, 0% used [0x00000000f2200000,0x00000000f2200000,0x00000000f2d80000)
 ParOldGen       total 80896K, used 28770K [0x00000000a2000000, 0x00000000a6f00000, 0x00000000e0b00000)
  object space 80896K, 35% used [0x00000000a2000000,0x00000000a3c18ae8,0x00000000a6f00000)
 Metaspace       used 56066K, capacity 58838K, committed 58968K, reserved 1099776K
  class space    used 7525K, capacity 8011K, committed 8064K, reserved 1048576K
}

