# JRE version: OpenJDK Runtime Environment (8.0_265-b01) (build 1.8.0_265-b01)
# Java VM: OpenJDK 64-Bit Server VM (25.265-b01 mixed mode windows-amd64 compressed oops)
Heap:
 PSYoungGen      total 105984K, used 24396K [0x00000000e0b00000, 0x00000000eb200000, 0x0000000100000000)
  eden space 96768K, 25% used [0x00000000e0b00000,0x00000000e22d3388,0x00000000e6980000)
  from space 9216K, 0% used [0x00000000ea900000,0x00000000ea900000,0x00000000eb200000)
  to   space 7168K, 0% used [0x00000000e6980000,0x00000000e6980000,0x00000000e7080000)
 ParOldGen       total 47616K, used 16163K [0x00000000a2000000, 0x00000000a4e80000, 0x00000000e0b00000)
  object space 47616K, 33% used [0x00000000a2000000,0x00000000a2fc8c28,0x00000000a4e80000)
 Metaspace       used 35022K, capacity 36898K, committed 37040K, reserved 1081344K
  class space    used 4643K, capacity 5003K, committed 5040K, reserved 1048576K
GC Heap History (24 events):
Event: 22.579 GC heap before
{Heap before GC invocations=1 (full 0):
 PSYoungGen      total 28160K, used 24576K [0x00000000e0b00000, 0x00000000e2a00000, 0x0000000100000000)
  eden space 24576K, 100% used [0x00000000e0b00000,0x00000000e2300000,0x00000000e2300000)
  from space 3584K, 0% used [0x00000000e2680000,0x00000000e2680000,0x00000000e2a00000)
  to   space 3584K, 0% used [0x00000000e2300000,0x00000000e2300000,0x00000000e2680000)
 ParOldGen       total 64512K, used 0K [0x00000000a2000000, 0x00000000a5f00000, 0x00000000e0b00000)
  object space 64512K, 0% used [0x00000000a2000000,0x00000000a2000000,0x00000000a5f00000)
 Metaspace       used 7515K, capacity 7714K, committed 7808K, reserved 1056768K
  class space    used 779K, capacity 849K, committed 896K, reserved 1048576K
Event: 22.584 GC heap after
Heap after GC invocations=1 (full 0):
 PSYoungGen      total 28160K, used 3497K [0x00000000e0b00000, 0x00000000e2a00000, 0x0000000100000000)
  eden space 24576K, 0% used [0x00000000e0b00000,0x00000000e0b00000,0x00000000e2300000)
  from space 3584K, 97% used [0x00000000e2300000,0x00000000e266a4c0,0x00000000e2680000)
  to   space 3584K, 0% used [0x00000000e2680000,0x00000000e2680000,0x00000000e2a00000)
 ParOldGen       total 64512K, used 8K [0x00000000a2000000, 0x00000000a5f00000, 0x00000000e0b00000)
  object space 64512K, 0% used [0x00000000a2000000,0x00000000a2002000,0x00000000a5f00000)
 Metaspace       used 7515K, capacity 7714K, committed 7808K, reserved 1056768K
  class space    used 779K, capacity 849K, committed 896K, reserved 1048576K
}
Event: 24.603 GC heap before
{Heap before GC invocations=2 (full 0):
 PSYoungGen      total 28160K, used 28073K [0x00000000e0b00000, 0x00000000e2a00000, 0x0000000100000000)
  eden space 24576K, 100% used [0x00000000e0b00000,0x00000000e2300000,0x00000000e2300000)
  from space 3584K, 97% used [0x00000000e2300000,0x00000000e266a4c0,0x00000000e2680000)
  to   space 3584K, 0% used [0x00000000e2680000,0x00000000e2680000,0x00000000e2a00000)
 ParOldGen       total 64512K, used 8K [0x00000000a2000000, 0x00000000a5f00000, 0x00000000e0b00000)
  object space 64512K, 0% used [0x00000000a2000000,0x00000000a2002000,0x00000000a5f00000)
 Metaspace       used 11238K, capacity 11592K, committed 11648K, reserved 1058816K
  class space    used 1238K, capacity 1358K, committed 1408K, reserved 1048576K
Event: 24.614 GC heap after
Heap after GC invocations=2 (full 0):
 PSYoungGen      total 28160K, used 3563K [0x00000000e0b00000, 0x00000000e2a00000, 0x0000000100000000)
  eden space 24576K, 0% used [0x00000000e0b00000,0x00000000e0b00000,0x00000000e2300000)
  from space 3584K, 99% used [0x00000000e2680000,0x00000000e29fac60,0x00000000e2a00000)
  to   space 3584K, 0% used [0x00000000e2300000,0x00000000e2300000,0x00000000e2680000)
 ParOldGen       total 64512K, used 970K [0x00000000a2000000, 0x00000000a5f00000, 0x00000000e0b00000)
  object space 64512K, 1% used [0x00000000a2000000,0x00000000a20f28a8,0x00000000a5f00000)
 Metaspace       used 11238K, capacity 11592K, committed 11648K, reserved 1058816K
  class space    used 1238K, capacity 1358K, committed 1408K, reserved 1048576K
}
Event: 26.634 GC heap before
{Heap before GC invocations=3 (full 0):
 PSYoungGen      total 28160K, used 28139K [0x00000000e0b00000, 0x00000000e2a00000, 0x0000000100000000)
  eden space 24576K, 100% used [0x00000000e0b00000,0x00000000e2300000,0x00000000e2300000)
  from space 3584K, 99% used [0x00000000e2680000,0x00000000e29fac60,0x00000000e2a00000)
  to   space 3584K, 0% used [0x00000000e2300000,0x00000000e2300000,0x00000000e2680000)
 ParOldGen       total 64512K, used 970K [0x00000000a2000000, 0x00000000a5f00000, 0x00000000e0b00000)
  object space 64512K, 1% used [0x00000000a2000000,0x00000000a20f28a8,0x00000000a5f00000)
 Metaspace       used 14222K, capacity 14822K, committed 14976K, reserved 1062912K
  class space    used 1709K, capacity 1841K, committed 1920K, reserved 1048576K
Event: 26.652 GC heap after
Heap after GC invocations=3 (full 0):
 PSYoungGen      total 28160K, used 3556K [0x00000000e0b00000, 0x00000000e2a00000, 0x0000000100000000)
  eden space 24576K, 0% used [0x00000000e0b00000,0x00000000e0b00000,0x00000000e2300000)
  from space 3584K, 99% used [0x00000000e2300000,0x00000000e26792b8,0x00000000e2680000)
  to   space 3584K, 0% used [0x00000000e2680000,0x00000000e2680000,0x00000000e2a00000)
 ParOldGen       total 64512K, used 2969K [0x00000000a2000000, 0x00000000a5f00000, 0x00000000e0b00000)
  object space 64512K, 4% used [0x00000000a2000000,0x00000000a22e67a0,0x00000000a5f00000)
 Metaspace       used 14222K, capacity 14822K, committed 14976K, reserved 1062912K
  class space    used 1709K, capacity 1841K, committed 1920K, reserved 1048576K
}
Event: 27.893 GC heap before
{Heap before GC invocations=4 (full 0):
 PSYoungGen      total 28160K, used 28132K [0x00000000e0b00000, 0x00000000e2a00000, 0x0000000100000000)
  eden space 24576K, 100% used [0x00000000e0b00000,0x00000000e2300000,0x00000000e2300000)
  from space 3584K, 99% used [0x00000000e2300000,0x00000000e26792b8,0x00000000e2680000)
  to   space 3584K, 0% used [0x00000000e2680000,0x00000000e2680000,0x00000000e2a00000)
 ParOldGen       total 64512K, used 2969K [0x00000000a2000000, 0x00000000a5f00000, 0x00000000e0b00000)
  object space 64512K, 4% used [0x00000000a2000000,0x00000000a22e67a0,0x00000000a5f00000)
 Metaspace       used 16752K, capacity 17364K, committed 17664K, reserved 1064960K
  class space    used 2041K, capacity 2184K, committed 2304K, reserved 1048576K
Event: 27.908 GC heap after
Heap after GC invocations=4 (full 0):
 PSYoungGen      total 28160K, used 3562K [0x00000000e0b00000, 0x00000000e2a00000, 0x0000000100000000)
  eden space 24576K, 0% used [0x00000000e0b00000,0x00000000e0b00000,0x00000000e2300000)
  from space 3584K, 99% used [0x00000000e2680000,0x00000000e29fa8a8,0x00000000e2a00000)
  to   space 3584K, 0% used [0x00000000e2300000,0x00000000e2300000,0x00000000e2680000)
 ParOldGen       total 64512K, used 5240K [0x00000000a2000000, 0x00000000a5f00000, 0x00000000e0b00000)
  object space 64512K, 8% used [0x00000000a2000000,0x00000000a251e268,0x00000000a5f00000)
 Metaspace       used 16752K, capacity 17364K, committed 17664K, reserved 1064960K
  class space    used 2041K, capacity 2184K, committed 2304K, reserved 1048576K
}
Event: 28.622 GC heap before
{Heap before GC invocations=5 (full 0):
 PSYoungGen      total 28160K, used 28138K [0x00000000e0b00000, 0x00000000e2a00000, 0x0000000100000000)
  eden space 24576K, 100% used [0x00000000e0b00000,0x00000000e2300000,0x00000000e2300000)
  from space 3584K, 99% used [0x00000000e2680000,0x00000000e29fa8a8,0x00000000e2a00000)
  to   space 3584K, 0% used [0x00000000e2300000,0x00000000e2300000,0x00000000e2680000)
 ParOldGen       total 64512K, used 5240K [0x00000000a2000000, 0x00000000a5f00000, 0x00000000e0b00000)
  object space 64512K, 8% used [0x00000000a2000000,0x00000000a251e268,0x00000000a5f00000)
 Metaspace       used 18828K, capacity 19610K, committed 19712K, reserved 1067008K
  class space    used 2349K, capacity 2543K, committed 2560K, reserved 1048576K
Event: 28.825 GC heap after
Heap after GC invocations=5 (full 0):
 PSYoungGen      total 28160K, used 3578K [0x00000000e0b00000, 0x00000000e4900000, 0x0000000100000000)
  eden space 24576K, 0% used [0x00000000e0b00000,0x00000000e0b00000,0x00000000e2300000)
  from space 3584K, 99% used [0x00000000e2300000,0x00000000e267e898,0x00000000e2680000)
  to   space 7168K, 0% used [0x00000000e4200000,0x00000000e4200000,0x00000000e4900000)
 ParOldGen       total 64512K, used 7104K [0x00000000a2000000, 0x00000000a5f00000, 0x00000000e0b00000)
  object space 64512K, 11% used [0x00000000a2000000,0x00000000a26f0260,0x00000000a5f00000)
 Metaspace       used 18828K, capacity 19610K, committed 19712K, reserved 1067008K
  class space    used 2349K, capacity 2543K, committed 2560K, reserved 1048576K
}
Event: 29.377 GC heap before
{Heap before GC invocations=6 (full 0):
 PSYoungGen      total 28160K, used 28154K [0x00000000e0b00000, 0x00000000e4900000, 0x0000000100000000)
  eden space 24576K, 100% used [0x00000000e0b00000,0x00000000e2300000,0x00000000e2300000)
  from space 3584K, 99% used [0x00000000e2300000,0x00000000e267e898,0x00000000e2680000)
  to   space 7168K, 0% used [0x00000000e4200000,0x00000000e4200000,0x00000000e4900000)
 ParOldGen       total 64512K, used 7104K [0x00000000a2000000, 0x00000000a5f00000, 0x00000000e0b00000)
  object space 64512K, 11% used [0x00000000a2000000,0x00000000a26f0260,0x00000000a5f00000)
 Metaspace       used 19891K, capacity 20656K, committed 20736K, reserved 1067008K
  class space    used 2562K, capacity 2752K, committed 2816K, reserved 1048576K
Event: 29.444 GC heap after
Heap after GC invocations=6 (full 0):
 PSYoungGen      total 55296K, used 5162K [0x00000000e0b00000, 0x00000000e4800000, 0x0000000100000000)
  eden space 49152K, 0% used [0x00000000e0b00000,0x00000000e0b00000,0x00000000e3b00000)
  from space 6144K, 84% used [0x00000000e4200000,0x00000000e470a810,0x00000000e4800000)
  to   space 6656K, 0% used [0x00000000e3b00000,0x00000000e3b00000,0x00000000e4180000)
 ParOldGen       total 64512K, used 7112K [0x00000000a2000000, 0x00000000a5f00000, 0x00000000e0b00000)
  object space 64512K, 11% used [0x00000000a2000000,0x00000000a26f2260,0x00000000a5f00000)
 Metaspace       used 19891K, capacity 20656K, committed 20736K, reserved 1067008K
  class space    used 2562K, capacity 2752K, committed 2816K, reserved 1048576K
}
Event: 29.665 GC heap before
{Heap before GC invocations=7 (full 0):
 PSYoungGen      total 55296K, used 11838K [0x00000000e0b00000, 0x00000000e4800000, 0x0000000100000000)
  eden space 49152K, 13% used [0x00000000e0b00000,0x00000000e11853b8,0x00000000e3b00000)
  from space 6144K, 84% used [0x00000000e4200000,0x00000000e470a810,0x00000000e4800000)
  to   space 6656K, 0% used [0x00000000e3b00000,0x00000000e3b00000,0x00000000e4180000)
 ParOldGen       total 64512K, used 7112K [0x00000000a2000000, 0x00000000a5f00000, 0x00000000e0b00000)
  object space 64512K, 11% used [0x00000000a2000000,0x00000000a26f2260,0x00000000a5f00000)
 Metaspace       used 20385K, capacity 21220K, committed 21296K, reserved 1067008K
  class space    used 2616K, capacity 2830K, committed 2864K, reserved 1048576K
Event: 29.712 GC heap after
Heap after GC invocations=7 (full 0):
 PSYoungGen      total 55808K, used 3199K [0x00000000e0b00000, 0x00000000e7900000, 0x0000000100000000)
  eden space 49152K, 0% used [0x00000000e0b00000,0x00000000e0b00000,0x00000000e3b00000)
  from space 6656K, 48% used [0x00000000e3b00000,0x00000000e3e1fe38,0x00000000e4180000)
  to   space 7168K, 0% used [0x00000000e7200000,0x00000000e7200000,0x00000000e7900000)
 ParOldGen       total 64512K, used 8996K [0x00000000a2000000, 0x00000000a5f00000, 0x00000000e0b00000)
  object space 64512K, 13% used [0x00000000a2000000,0x00000000a28c9128,0x00000000a5f00000)
 Metaspace       used 20385K, capacity 21220K, committed 21296K, reserved 1067008K
  class space    used 2616K, capacity 2830K, committed 2864K, reserved 1048576K
}
Event: 29.712 GC heap before
{Heap before GC invocations=8 (full 1):
 PSYoungGen      total 55808K, used 3199K [0x00000000e0b00000, 0x00000000e7900000, 0x0000000100000000)
  eden space 49152K, 0% used [0x00000000e0b00000,0x00000000e0b00000,0x00000000e3b00000)
  from space 6656K, 48% used [0x00000000e3b00000,0x00000000e3e1fe38,0x00000000e4180000)
  to   space 7168K, 0% used [0x00000000e7200000,0x00000000e7200000,0x00000000e7900000)
 ParOldGen       total 64512K, used 8996K [0x00000000a2000000, 0x00000000a5f00000, 0x00000000e0b00000)
  object space 64512K, 13% used [0x00000000a2000000,0x00000000a28c9128,0x00000000a5f00000)
 Metaspace       used 20385K, capacity 21220K, committed 21296K, reserved 1067008K
  class space    used 2616K, capacity 2830K, committed 2864K, reserved 1048576K
Event: 29.797 GC heap after
Heap after GC invocations=8 (full 1):
 PSYoungGen      total 55808K, used 0K [0x00000000e0b00000, 0x00000000e7900000, 0x0000000100000000)
  eden space 49152K, 0% used [0x00000000e0b00000,0x00000000e0b00000,0x00000000e3b00000)
  from space 6656K, 0% used [0x00000000e3b00000,0x00000000e3b00000,0x00000000e4180000)
  to   space 7168K, 0% used [0x00000000e7200000,0x00000000e7200000,0x00000000e7900000)
 ParOldGen       total 35328K, used 6065K [0x00000000a2000000, 0x00000000a4280000, 0x00000000e0b00000)
  object space 35328K, 17% used [0x00000000a2000000,0x00000000a25ec750,0x00000000a4280000)
 Metaspace       used 20385K, capacity 21220K, committed 21296K, reserved 1067008K
  class space    used 2616K, capacity 2830K, committed 2864K, reserved 1048576K
}
Event: 30.888 GC heap before
{Heap before GC invocations=9 (full 1):
 PSYoungGen      total 55808K, used 49095K [0x00000000e0b00000, 0x00000000e7900000, 0x0000000100000000)
  eden space 49152K, 99% used [0x00000000e0b00000,0x00000000e3af1e18,0x00000000e3b00000)
  from space 6656K, 0% used [0x00000000e3b00000,0x00000000e3b00000,0x00000000e4180000)
  to   space 7168K, 0% used [0x00000000e7200000,0x00000000e7200000,0x00000000e7900000)
 ParOldGen       total 35328K, used 6065K [0x00000000a2000000, 0x00000000a4280000, 0x00000000e0b00000)
  object space 35328K, 17% used [0x00000000a2000000,0x00000000a25ec750,0x00000000a4280000)
 Metaspace       used 22084K, capacity 22926K, committed 23344K, reserved 1069056K
  class space    used 2786K, capacity 2995K, committed 3120K, reserved 1048576K
Event: 30.893 GC heap after
Heap after GC invocations=9 (full 1):
 PSYoungGen      total 102400K, used 1908K [0x00000000e0b00000, 0x00000000e7780000, 0x0000000100000000)
  eden space 96768K, 0% used [0x00000000e0b00000,0x00000000e0b00000,0x00000000e6980000)
  from space 5632K, 33% used [0x00000000e7200000,0x00000000e73dd270,0x00000000e7780000)
  to   space 7168K, 0% used [0x00000000e6980000,0x00000000e6980000,0x00000000e7080000)
 ParOldGen       total 35328K, used 6065K [0x00000000a2000000, 0x00000000a4280000, 0x00000000e0b00000)
  object space 35328K, 17% used [0x00000000a2000000,0x00000000a25ec750,0x00000000a4280000)
 Metaspace       used 22084K, capacity 22926K, committed 23344K, reserved 1069056K
  class space    used 2786K, capacity 2995K, committed 3120K, reserved 1048576K
}
Event: 36.921 GC heap before
{Heap before GC invocations=10 (full 1):
 PSYoungGen      total 102400K, used 98676K [0x00000000e0b00000, 0x00000000e7780000, 0x0000000100000000)
  eden space 96768K, 100% used [0x00000000e0b00000,0x00000000e6980000,0x00000000e6980000)
  from space 5632K, 33% used [0x00000000e7200000,0x00000000e73dd270,0x00000000e7780000)
  to   space 7168K, 0% used [0x00000000e6980000,0x00000000e6980000,0x00000000e7080000)
 ParOldGen       total 35328K, used 6065K [0x00000000a2000000, 0x00000000a4280000, 0x00000000e0b00000)
  object space 35328K, 17% used [0x00000000a2000000,0x00000000a25ec750,0x00000000a4280000)
 Metaspace       used 26926K, capacity 28008K, committed 28336K, reserved 1073152K
  class space    used 3397K, capacity 3644K, committed 3760K, reserved 1048576K
Event: 36.933 GC heap after
Heap after GC invocations=10 (full 1):
 PSYoungGen      total 103936K, used 7136K [0x00000000e0b00000, 0x00000000eb200000, 0x0000000100000000)
  eden space 96768K, 0% used [0x00000000e0b00000,0x00000000e0b00000,0x00000000e6980000)
  from space 7168K, 99% used [0x00000000e6980000,0x00000000e7078298,0x00000000e7080000)
  to   space 9216K, 0% used [0x00000000ea900000,0x00000000ea900000,0x00000000eb200000)
 ParOldGen       total 35328K, used 8091K [0x00000000a2000000, 0x00000000a4280000, 0x00000000e0b00000)
  object space 35328K, 22% used [0x00000000a2000000,0x00000000a27e6cb0,0x00000000a4280000)
 Metaspace       used 26926K, capacity 28008K, committed 28336K, reserved 1073152K
  class space    used 3397K, capacity 3644K, committed 3760K, reserved 1048576K
}
Event: 47.191 GC heap before
{Heap before GC invocations=11 (full 1):
 PSYoungGen      total 103936K, used 102699K [0x00000000e0b00000, 0x00000000eb200000, 0x0000000100000000)
  eden space 96768K, 98% used [0x00000000e0b00000,0x00000000e6852c80,0x00000000e6980000)
  from space 7168K, 99% used [0x00000000e6980000,0x00000000e7078298,0x00000000e7080000)
  to   space 9216K, 0% used [0x00000000ea900000,0x00000000ea900000,0x00000000eb200000)
 ParOldGen       total 35328K, used 8091K [0x00000000a2000000, 0x00000000a4280000, 0x00000000e0b00000)
  object space 35328K, 22% used [0x00000000a2000000,0x00000000a27e6cb0,0x00000000a4280000)
 Metaspace       used 33114K, capacity 34480K, committed 34608K, reserved 1083392K
  class space    used 4323K, capacity 4590K, committed 4656K, reserved 1048576K
Event: 47.240 GC heap after
Heap after GC invocations=11 (full 1):
 PSYoungGen      total 105984K, used 9215K [0x00000000e0b00000, 0x00000000eb200000, 0x0000000100000000)
  eden space 96768K, 0% used [0x00000000e0b00000,0x00000000e0b00000,0x00000000e6980000)
  from space 9216K, 99% used [0x00000000ea900000,0x00000000eb1fff38,0x00000000eb200000)
  to   space 7168K, 0% used [0x00000000e6980000,0x00000000e6980000,0x00000000e7080000)
 ParOldGen       total 35328K, used 10728K [0x00000000a2000000, 0x00000000a4280000, 0x00000000e0b00000)
  object space 35328K, 30% used [0x00000000a2000000,0x00000000a2a7a2b8,0x00000000a4280000)
 Metaspace       used 33114K, capacity 34480K, committed 34608K, reserved 1083392K
  class space    used 4323K, capacity 4590K, committed 4656K, reserved 1048576K
}
Event: 47.240 GC heap before
{Heap before GC invocations=12 (full 2):
 PSYoungGen      total 105984K, used 9215K [0x00000000e0b00000, 0x00000000eb200000, 0x0000000100000000)
  eden space 96768K, 0% used [0x00000000e0b00000,0x00000000e0b00000,0x00000000e6980000)
  from space 9216K, 99% used [0x00000000ea900000,0x00000000eb1fff38,0x00000000eb200000)
  to   space 7168K, 0% used [0x00000000e6980000,0x00000000e6980000,0x00000000e7080000)
 ParOldGen       total 35328K, used 10728K [0x00000000a2000000, 0x00000000a4280000, 0x00000000e0b00000)
  object space 35328K, 30% used [0x00000000a2000000,0x00000000a2a7a2b8,0x00000000a4280000)
 Metaspace       used 33114K, capacity 34480K, committed 34608K, reserved 1083392K
  class space    used 4323K, capacity 4590K, committed 4656K, reserved 1048576K
Event: 47.320 GC heap after
Heap after GC invocations=12 (full 2):
 PSYoungGen      total 105984K, used 0K [0x00000000e0b00000, 0x00000000eb200000, 0x0000000100000000)
  eden space 96768K, 0% used [0x00000000e0b00000,0x00000000e0b00000,0x00000000e6980000)
  from space 9216K, 0% used [0x00000000ea900000,0x00000000ea900000,0x00000000eb200000)
  to   space 7168K, 0% used [0x00000000e6980000,0x00000000e6980000,0x00000000e7080000)
 ParOldGen       total 47616K, used 16163K [0x00000000a2000000, 0x00000000a4e80000, 0x00000000e0b00000)
  object space 47616K, 33% used [0x00000000a2000000,0x00000000a2fc8c28,0x00000000a4e80000)
 Metaspace       used 33114K, capacity 34480K, committed 34608K, reserved 1081344K
  class space    used 4323K, capacity 4590K, committed 4656K, reserved 1048576K
}

